126163 316572 443
545662 311580 470
386406 398197 436
483626 659383 509
566693 941711 525
985428 363892 525
371185 331917 441
371321 433050 449
289376 572947 470
243234 305524 407
656483 92218 509
223502 87548 386
157185 854259 525
306553 726993 509
372881 218640 443
611981 33224 470
553452 301237 470
263299 37874 443
110439 719228 509
315889 23884 443
101960 34490 351
680530 411794 509
383699 593299 470
978318 999819 440
958258 681296 525
926323 670787 525
269082 744131 509
925277 9139 525
107829 211883 383
612555 963870 525
2011 34661 311
583927 901639 525
117063 595529 470
387283 16058 443
528503 599375 452
317711 818343 509
472753 311103 449
143185 17914 375
769009 869472 525
81767 666364 509
156595 772830 509
615160 449485 470
793839 642960 504
550850 895741 525
778380 911882 525
617469 291738 470
785072 959216 525
44066 682252 509
140669 954701 525
922332 899785 476
868893 693728 525
436866 205276 449
841081 533422 525
924945 174355 525
988494 5082 525
824423 436435 509
835321 203091 509
296968 46806 443
759687 101203 509
946116 765188 525
649983 439655 509
614635 991331 525
784775 627030 504
378319 752676 509
66815 497511 449
724861 511492 509
129446 735810 509
852710 429106 525
87121 117620 354
223399 455509 449
312 525533 470
179951 621642 470
426113 870018 525
947014 423618 525
290105 158726 443
633899 982194 525
693010 605772 509
697542 322203 509
288008 922392 525
904497 156105 525
208011 990467 525
96662 774940 509
943933 613804 525
777848 360630 509
780121 706536 468
941565 724569 525
588622 455113 470
137398 561742 470
696089 800601 504
974030 176928 525
137892 745318 509
682875 478313 509
922563 126694 525
640825 383676 509
915352 656663 525
582305 621668 447
247929 3389 443
306085 365444 441
494912 82592 449
125953 997626 525
847091 387956 525
3447 433764 449
315776 689149 509
744544 655841 504
205628 754752 509
968075 493108 525
185305 960198 525
58390 237629 443
442435 593406 470
576827 794591 509
323606 719292 509
681718 106408 509
21799 386247 443
278247 260793 407
472280 79285 449
253977 712873 509
202600 729037 509
50122 212863 383
833880 610601 509
753259 889107 525
638599 287185 509
615629 859319 525
379071 951691 525
307906 466644 449
604484 252963 470
192643 674607 509
789333 316017 509
35840 705114 509
233862 324525 407
343621 690650 509
977624 322081 525
984284 191201 525
133658 899442 525
901029 712522 525
657420 428426 509
135983 603244 470
404139 761704 509
570629 175143 470
527562 678876 509
216988 377595 443
8509 606367 470
269000 78915 443
62121 720506 509
7291 460322 449
765078 856565 525
527693 880655 525
160159 110533 383
751808 119289 509
58990 940245 525
686146 988688 525
434814 836173 509
914462 423144 525
411163 322276 449
393298 488863 449
384808 821132 509
796793 113213 509
640887 360861 509
361511 587842 470
136017 56381 354
326810 347451 441
517520 835551 509
978614 189151 525
119713 493315 449
919714 684658 525
662404 740527 504
887475 520034 525
980243 388492 525
236757 270668 407
636471 548087 509
827708 805469 450
868338 434238 525
975168 179939 525
313261 192244 443
802351 549804 509
671776 54764 509
516461 631609 509
315843 280960 389
364338 678464 509
92303 592911 470
99086 294754 443
434343 33624 449
358020 642760 509
684309 362727 509
363726 766130 509
507026 889996 525
601954 349987 470
697313 696980 305
670049 100129 509
26095 288922 443
895308 151549 525
69473 987623 525
335363 577490 470
976179 962585 458
920064 946053 507
937386 31519 525
874402 339250 525
886248 538099 525
483231 787119 509
727334 280526 509
426883 308467 449
438920 882237 525
560422 469284 470
553784 708219 509
926469 898320 476
407875 401891 405
837236 299857 509
373584 898203 525
309846 526345 470
508523 258230 449
54443 516384 470
951005 21482 525
97109 699401 509
622394 316363 470
238664 848209 525
886151 906451 445
276210 309997 389
733577 140522 509
645683 776303 504
757043 937144 525
776729 882567 525
986081 968446 458
337329 682307 509
726969 360248 509
805186 563991 509
712430 933435 525
501825 140142 449
775025 334132 509
256840 533790 470
747465 770100 468
264931 782924 509
510405 199588 449
405252 97046 443
385274 143239 443
99248 214751 383
553074 659261 509
143833 22198 375
868256 658760 525
324860 3268 443
112349 927859 525
849676 825657 525
499359 54469 449
826474 828261 419
972148 903616 507
982833 778438 525
595216 721156 509
870950 528977 525
559408 50357 470
689964 10340 509
51819 755691 509
403887 400574 387
