894487 148338 525
663758 763427 504
368427 505338 449
1601 300458 443
680914 280941 509
558562 747295 509
714433 827363 468
572825 537417 452
541852 178334 470
559946 518908 452
588416 505225 470
707364 429606 509
369692 791825 509
379244 789543 509
560601 175438 470
320781 816419 509
89746 577396 470
674582 554899 509
566155 989525 525
377422 971450 525
41447 710197 509
770977 826864 468
991668 313433 525
462627 175184 449
163105 517673 470
936999 904221 476
555690 233629 470
955979 649502 525
207176 3916 383
527843 220793 470
43666 82885 351
765053 119 509
374116 849584 525
207125 704706 509
49649 909301 525
758936 480958 509
750250 943927 525
3194 298060 443
37171 528146 470
950126 450008 525
66112 14047 340
468630 996207 525
328600 710522 509
219626 951 386
27147 554805 470
515055 740191 509
290108 245428 407
513938 416630 470
850949 177691 525
438922 607833 470
521847 150895 470
120130 952042 525
52842 206003 383
598652 876410 525
813854 57309 509
737604 447476 509
916029 847969 476
722381 824908 468
851440 910315 476
125152 396004 443
646697 866699 525
915438 58481 525
661741 169856 509
405650 395873 405
42388 77948 351
250642 379217 441
736533 384959 509
787065 865720 525
658571 989174 525
353376 931879 525
699410 255598 509
788116 479067 509
481950 587998 470
916579 979022 507
505680 228901 449
413488 123731 449
937977 996791 507
228422 83668 386
243797 353163 441
705300 91969 509
848596 405762 525
840794 652816 525
715564 120961 509
367525 666241 509
593177 828848 509
836496 618063 509
160127 514143 470
284883 201929 443
970769 212024 525
370350 141475 443
241939 400396 441
951397 385765 525
229078 160897 386
177630 547861 470
563275 884472 525
725974 455002 509
553021 488218 470
842210 618834 525
192865 466923 449
58903 159831 383
758277 70954 509
688364 11665 509
795850 15621 509
909255 302785 525
442763 642202 509
166096 451267 449
36762 144060 375
162019 844265 525
609160 963161 525
259195 145108 443
103393 490795 449
894261 552963 525
487711 208029 449
557624 392063 470
195178 313907 443
56890 84870 351
116787 583483 470
623563 551983 447
793557 950783 525
286263 93301 443
633017 980991 525
131490 448228 449
154510 271048 443
477149 180375 449
623855 544284 452
330731 237144 407
624784 153804 470
601393 845707 525
673400 187399 509
118259 235281 443
79569 383936 443
979955 713466 525
201620 72022 383
279252 55919 443
358987 497698 449
606235 905578 525
966489 772261 525
126272 58249 354
524831 795496 509
958367 416549 525
293258 861248 525
996230 680521 525
148509 342623 443
147428 290182 443
644005 812842 504
655980 829251 504
720274 839674 525
435691 906983 525
512872 220289 470
946109 367126 525
672110 165258 509
543824 933833 525
732721 536572 509
403816 214160 443
966464 215339 525
437094 274367 449
646804 419068 509
87278 345961 443
724390 510578 509
262884 121295 443
855576 411209 525
940589 783000 525
382098 809030 509
350882 734809 509
70915 199685 383
992189 156279 525
352582 35760 443
602017 312003 470
409860 870532 525
240529 243428 368
528428 142236 470
733706 226133 509
556814 886583 525
530394 319186 470
803643 10729 509
30971 786215 509
845630 164004 525
989956 566611 525
605349 984287 525
186989 14398 383
461732 670002 509
200687 715811 509
321892 176719 443
630148 60558 509
930572 825705 525
161769 669157 509
295142 88445 443
777 249079 443
67158 727475 509
376458 525852 470
373093 109205 443
384865 393689 436
943083 179057 525
831547 943752 525
725159 645191 504
672959 349635 509
21520 81587 351
391651 768338 509
908417 225867 525
483518 636412 509
241327 82184 443
995483 717119 525
818951 352623 509
30427 226081 386
611793 790602 509
721773 106920 509
790830 174100 509
140962 933030 525
301564 977330 525
958704 618031 525
526569 364449 470
876214 173123 525
204390 154741 383
611188 570292 434
513969 902959 525
372946 182215 443
382526 583535 470
282271 258981 407
301834 397318 441
137705 682280 509
476449 253954 449
585999 426066 470
350034 721519 509
630434 891558 525
888222 194322 525
300208 446906 449
206233 219062 386
730981 331731 509
845699 938356 476
363387 833979 509
471571 620192 470
399278 804239 509
889600 233450 525
757992 962599 525
228745 966029 525
379409 945712 525
329423 80000 443
926441 926410 215
306338 659306 509
897124 466113 525
710598 750817 424
558287 753279 509
100681 745637 509
203626 420899 449
309231 245782 407
961078 136411 525
228119 966521 525
925553 991597 507
912495 606143 525
227311 542362 470
62858 608181 470
232815 472362 449
842529 22279 525
254019 742939 509
2754 632028 509
106174 97905 341
105756 407040 443
987142 852443 507
811375 160124 509
320533 399336 441
109270 116184 349
295506 830176 509
693317 611571 509
613648 115104 470
525748 539737 408
26690 552655 470
570099 719371 509
18857 661690 509
586712 110463 470
317338 202804 443
475836 433897 444
721111 236810 509
864983 868367 388
462783 9444 449
584283 174802 470
898668 278643 525
153764 664639 509
824340 35097 509
524450 450262 470
335068 155643 443
646775 463836 509
726388 812388 468
848842 339289 525
925751 97487 525
857564 421014 525
623824 379900 470
583829 266265 470
802245 640520 504
702923 700860 411
276374 782736 509
374421 934025 525
190412 474917 449
748773 613789 509
967959 855252 507
465298 321292 449
279661 330961 389
507868 131060 449
960777 378932 525
556925 634158 509
121947 874798 525
