224993 224638 231
309098 309627 309
270533 271468 363
729491 730059 318
784666 784608 194
556727 556034 346
334458 334962 291
284720 285617 376
610352 611144 341
423177 422730 312
313595 313871 309
799164 799540 256
264593 264260 301
155005 154477 308
955072 954488 383
248733 248509 288
934072 933953 339
946174 945191 352
315121 315859 340
397866 397755 224
467142 467828 413
918659 919467 339
745955 746727 287
318046 317309 309
768843 769309 393
570545 569781 377
435998 436832 325
518966 519286 258
383026 383376 330
408895 409124 312
856484 856413 238
631563 631984 279
467633 467781 413
63248 63527 330
925216 924993 308
143702 144700 326
225150 225598 337
851337 852308 344
417323 417992 343
245958 245236 319
534758 534513 315
656257 656783 429
761090 760391 380
453942 453721 294
845078 844306 357
297462 297589 296
427704 428611 374
496954 497290 245
409551 410268 449
297292 296346 327
988388 989379 321
776993 777094 269
736352 735869 318
934817 934789 246
60372 59676 317
712717 712884 305
60802 60858 198
649972 649080 385
328526 328063 260
190177 190897 298
204438 204257 311
649690 649948 323
499135 499933 395
890369 889499 370
688876 688364 274
496382 495593 320
266893 267669 345
814386 815090 313
794376 794962 300
347098 347186 211
491333 491769 320
452490 451898 294
414921 414941 250
743784 743000 318
516203 516366 258
239896 240020 275
440102 440842 294
97444 96643 297
54972 54704 216
555672 555638 191
681697 682464 323
224815 224566 231
325326 324538 384
64563 64340 224
596663 597589 341
87630 86972 333
599582 599172 372
587265 587125 297
607821 607018 341
140018 140692 344
772188 772375 256
272044 271792 270
848627 848196 282
537526 537870 346
805470 806262 375
610475 609791 341
340331 340712 304
26083 25706 233
604299 604215 372
686347 685658 274
39151 39532 275
337432 336807 291
539760 540575 408
260115 259314 345
675746 674873 367
437656 437886 263
299573 299478 203
277486 277377 283
702095 701266 411
124752 123967 318
884331 883931 370
268902 267959 270
336922 337572 366
443993 443127 338
94202 94719 315
566444 566611 359
816793 817369 313
799680 799447 256
681649 681054 336
42580 42799 257
345565 344632 304
395469 396427 330
755832 755107 362
957213 956284 352
909539 909203 326
839289 839656 388
874940 875667 264
707284 707103 212
40546 40809 257
926649 926024 370
487346 488015 338
798571 799443 375
822097 822717 344
446352 446256 188
895083 895436 264
986459 986395 290
468692 469364 351
163697 164356 321
116196 115401 349
766990 766228 331
494934 495178 289
646375 646609 323
816282 817201 344
803071 803742 300
723473 722761 380
32761 33291 267
531023 531293 271
444104 444704 325
142122 141723 326
912535 913343 339
173177 172689 272
819890 820148 450
726192 725990 310
447416 447462 219
566253 565763 284
591384 591821 284
815216 815836 357
848527 847740 326
273189 273194 208
38907 39746 275
390370 389875 343
493879 493518 395
651528 650553 336
660639 660209 323
86066 85798 227
104446 104819 310
470435 470166 276
798672 798216 300
816650 816164 300
143080 143170 220
468996 469539 307
461530 461396 232
863661 863938 344
786706 787240 362
450975 451821 307
422766 422187 325
542739 541883 346
544850 544547 315
483513 482877 276
838467 838097 282
268544 268991 257
240820 240389 368
709069 709062 199
156175 155585 383
253346 252656 306
271726 270933 283
433798 434009 250
837613 837325 282
847978 847474 326
351453 351722 348
297816 298534 296
402827 402633 268
392536 391699 330
390721 391617 361
950344 949877 308
323045 323903 322
180596 181136 285
447261 446960 294
417651 417130 343
189305 189746 316
195694 194971 360
628059 627469 341
155384 155114 233
902495 903115 383
977275 976606 334
253735 254472 301
496985 496628 258
66000 66191 268
208585 208836 311
460732 459956 307
201967 202166 236
899180 898238 370
211156 211318 311
967285 966711 308
814107 814924 313
229604 228715 262
229401 228471 275
237260 237137 244
142238 142937 375
620063 619300 341
501230 501576 320
166463 166306 228
110278 110297 186
680042 680502 336
535818 535780 271
784296 783975 300
43134 44009 270
862711 862898 220
830625 829820 344
962221 961289 295
354141 353494 273
593383 593291 328
429306 429022 281
963553 963510 233
761444 760754 300
770093 769978 274
985170 984665 427
684216 683439 380
124532 124431 287
731747 731221 336
575836 575476 297
74651 75196 325
885813 885635 326
134180 133736 300
854167 854022 357
601624 600879 403
673030 673463 336
799793 799326 256
362319 361456 273
97352 96911 266
940903 940176 383
283731 284438 314
684920 684996 243
982915 982524 383
81015 81949 320
285193 284354 376
219553 220047 355
103933 104769 310
35836 35258 324
5506 4837 210
547498 547339 315
709015 708211 349
976841 977076 334
474701 474018 382
558483 558825 240
17202 16484 266
60969 61754 335
24399 24024 251
745170 745207 256
168583 168364 228
653791 653066 385
538218 537482 346
258176 259169 301
345307 344494 304
435968 436912 325
100892 101761 310
800078 799195 375
626193 626662 509
912645 911699 401
160367 160485 370
818997 819105 207
171012 170516 334
932425 932129 308
80747 81178 320
427725 428425 374
437569 437606 250
947346 948173 295
222545 222304 262
873948 874212 326
608047 608590 403
349162 350161 366
47953 48608 252
487963 487189 338
103868 103143 248
497202 497983 289
254967 255844 288
979690 979688 184
642681 641865 416
175673 175095 272
691739 691605 274
