16807 475249 449
650073 943658 525
108930 211272 383
27544 850878 525
777923 237709 509
564440 438165 470
484492 243042 449
807987 522503 509
282327 531729 470
378840 542612 470
544303 833169 509
817709 97157 509
129560 570933 470
493099 280278 449
351816 795335 509
899097 807826 525
613512 929267 525
723810 877633 525
580979 379149 470
236579 558821 470
511967 10672 470
901393 819336 525
125485 91745 354
425228 894091 525
640194 186357 509
35001 921153 525
616708 357944 470
515668 571490 452
788124 702196 504
509530 60903 449
727722 454666 509
728549 118024 509
797801 806853 406
540977 847408 525
308228 374933 441
260298 938981 525
28635 408013 443
623865 389814 470
739063 554536 509
339425 1669 443
724115 220094 509
75629 446501 449
546517 934195 525
30105 810404 509
319451 194298 443
782188 821123 468
799505 246882 509
406752 731566 509
936716 130337 525
354438 53144 443
851501 844897 419
783871 955828 525
111137 619358 470
153177 982397 525
722294 477904 509
621609 946231 525
959745 844175 507
853635 266298 525
98142 880399 525
827968 90412 509
400260 673557 509
441594 688008 509
716395 325968 509
119113 204530 383
471006 910962 525
797942 285365 509
842082 179852 525
530767 633821 509
185695 824712 509
973671 859901 507
248590 724831 509
314738 153057 443
631616 819790 504
555640 110679 470
437335 77006 449
497972 936098 525
649095 975319 525
583454 345223 470
112289 556760 470
948905 586126 525
236123 129506 443
45813 476770 449
935238 329094 525
896220 987844 507
712366 140534 509
725226 915394 525
941363 318738 525
607844 559590 434
436550 145159 449
808623 764947 468
597385 307217 470
195272 755539 509
399247 242385 441
413496 894885 525
140623 682420 509
28144 531968 470
335735 699915 509
161625 663534 509
46042 796011 509
454679 24152 449
575244 977295 525
878818 590396 525
87692 301815 443
112991 740033 509
122669 119397 336
489553 410547 444
975825 121210 525
729662 830211 468
533808 273377 470
822761 625 509
737335 401868 509
977995 2776 525
62767 997439 525
829874 689331 504
540556 456301 470
468872 300560 449
120094 918984 525
113755 639789 509
851407 828015 525
30193 222769 386
15680 303455 443
16855 267506 443
170963 233502 443
586676 863108 525
963249 602331 525
277844 887638 525
760808 939997 525
428651 54849 449
645203 495731 509
796531 198014 509
395419 636775 509
42009 530180 470
687929 995223 525
244054 588260 470
76737 991545 525
747317 837525 468
204200 134256 383
421564 960597 525
306648 337704 384
225550 925150 525
541976 301412 470
938554 482797 525
102504 348381 443
34748 7065 311
659378 847699 525
878209 725129 525
578553 265483 470
650447 264607 509
180773 45322 383
664305 755176 504
170053 927224 525
784630 280366 509
205400 660444 509
495370 570285 470
883016 193898 525
608155 841133 525
515557 696576 509
953178 658266 525
187357 221711 386
227878 320614 443
474819 795737 509
983133 620591 525
623720 48762 470
306633 976197 525
576031 238588 470
860589 54873 525
998877 637304 525
979358 861200 507
777254 68960 509
14915 293947 443
645480 207730 509
669955 674546 367
837107 841238 525
340000 984926 525
545035 774857 509
561113 250114 470
929593 601360 525
498354 968418 525
25357 342585 443
313729 721015 509
776563 106102 509
860917 786643 525
819419 62967 509
547747 245269 470
855395 423303 525
404473 719103 509
711748 424385 509
205658 163459 365
45406 673930 509
739824 285132 509
300973 959603 525
246897 907920 525
603950 135231 470
488480 620203 470
213900 824520 509
462533 481258 413
217003 618676 470
820950 423934 509
558780 279879 470
941832 482574 525
433549 174542 449
306249 252771 407
766310 915879 525
200983 669970 509
392040 82723 443
73650 902971 525
753229 190318 509
917746 710299 525
687230 185621 509
270776 850124 525
668244 76958 509
747696 666771 504
829064 791560 468
56598 318751 443
869940 764503 525
789551 192801 509
427205 315080 449
780418 559274 509
659649 40413 509
783320 519025 509
322012 901783 525
854788 624117 525
424008 81550 449
265324 319195 407
451257 824511 509
835690 438666 509
262410 760593 509
490553 809565 509
190960 228742 386
151403 254352 443
7307 256141 443
244910 413200 449
192799 343127 443
120171 157787 383
334414 31625 443
116641 619517 470
55348 901842 525
114315 515974 470
181445 211373 373
972220 739911 525
509239 245054 449
641305 556929 509
382253 354189 423
815166 204356 509
359304 659860 509
645898 5592 509
901720 866116 445
151580 98867 375
149352 26939 375
178698 494901 449
160811 716616 509
756891 848671 525
331728 326671 353
951661 77045 525
303120 620240 470
317158 299453 384
769627 685350 504
853711 535563 525
629594 207533 509
401727 307827 441
398795 919531 525
737442 351516 509
885006 478515 525
466924 642601 509
627097 168661 509
967103 34324 525
980108 44936 525
2281 517015 470
43710 963216 525
301905 775973 509
767781 882720 525
270791 481169 449
297865 715827 509
329536 616728 470
357125 320384 441
580167 789949 509
500476 416046 444
521576 568666 452
577467 260520 470
627384 341991 509
425210 333258 449
428211 268744 449
419518 685718 509
321934 666825 509
280767 658689 509
449818 73014 449
211825 102918 383
958028 333029 525
78034 6727 351
151240 933754 525
486540 408396 449
90935 203083 383
48048 846865 525
87011 615252 470
553064 377876 470
17237 232675 443
70245 482710 449
470415 728192 509
24710 454747 449
463037 701299 509
