1530 1708 180
580 301 144
1955 1341 180
309 1362 182
835 1605 182
923 1459 182
817 614 171
519 504 124
317 1306 182
1003 1347 182
427 209 144
588 139 144
1835 125 182
1054 1846 182
1172 886 182
641 1055 179
946 1221 182
1356 901 182
914 17 179
263 101 128
1974 1538 180
1560 1143 182
504 431 142
1648 821 182
90 1003 179
520 517 124
1564 1108 182
1008 1751 182
1234 62 182
1597 758 182
1300 590 182
1813 246 182
1812 1521 180
1147 1078 151
1891 1762 175
1180 1865 180
1652 1092 182
1361 156 182
1524 1361 172
1329 1966 180
364 1850 182
483 281 144
1310 1843 180
32 896 179
257 1630 182
7 1557 182
220 172 120
1803 384 182
46 1302 182
1815 1937 175
1416 995 182
154 1068 179
439 1515 182
1576 315 182
1228 905 182
281 1945 182
1107 1116 138
226 418 144
959 258 179
1666 1568 180
240 1673 182
1477 461 182
1846 1280 180
1197 244 182
934 1012 174
181 702 145
359 687 145
122 1151 179
555 1698 182
1466 1783 180
604 1748 182
1728 63 182
1216 1954 180
481 176 144
565 500 137
96 805 171
173 1574 182
1618 371 182
1206 1168 151
615 141 144
532 1148 179
1195 892 182
188 1318 182
43 743 171
1016 1861 182
878 1972 182
1961 959 182
36 1178 182
1265 869 182
1706 1830 180
1369 1802 180
988 1895 182
1376 606 182
266 583 144
126 1234 182
1076 659 179
734 271 171
1551 922 182
1589 1946 180
17 958 179
159 896 179
930 121 179
207 966 179
1299 1472 177
188 1005 179
1303 1557 177
1159 643 179
1452 888 182
1601 71 182
1471 1728 180
1657 899 182
387 391 121
1522 290 182
1314 1464 172
588 1331 182
422 747 171
579 1704 182
1220 786 182
671 519 145
259 1211 182
1876 1914 175
768 1388 182
557 573 106
276 510 144
644 99 144
238 653 145
998 977 143
1044 872 174
1267 358 182
336 207 144
42 758 171
955 973 143
463 175 144
112 1486 182
1047 723 179
697 1275 182
989 1817 182
663 1546 182
390 1291 182
56 1386 182
1390 647 182
39 740 171
1624 1436 172
1613 1244 177
146 1949 182
1451 540 182
708 758 140
1514 1523 154
1286 1978 180
1361 333 182
701 58 145
1960 1690 180
227 976 179
1588 970 182
267 1996 182
708 10 171
643 1100 179
750 620 171
536 363 142
1864 682 182
313 1315 182
1575 1373 172
74 1089 179
1248 1712 180
1067 609 179
45 120 119
1019 357 179
1810 1246 180
1333 1398 159
568 1953 182
1746 1277 180
1963 390 182
729 713 96
1010 1265 182
1429 1226 177
299 1742 182
893 1874 182
1467 1319 172
1315 715 182
1031 734 179
1676 1428 180
854 695 171
1786 1016 182
293 1471 182
766 1214 182
1776 513 182
843 91 171
903 1572 182
805 265 171
1189 586 182
1491 1840 180
680 736 171
67 147 122
56 1734 182
1214 1087 182
469 1242 182
516 1675 182
289 654 145
692 934 179
477 1458 182
148 254 128
1971 991 182
345 1226 182
915 1502 182
1843 104 182
88 1686 182
1945 768 182
423 364 134
1267 479 182
98 833 171
1566 919 182
75 434 144
595 364 142
1088 1639 182
1299 1566 177
1097 1799 182
172 1421 182
791 517 171
999 1706 182
20 843 171
163 460 144
529 460 142
1581 952 182
824 848 135
1431 922 182
1682 1350 180
194 109 125
136 789 171
826 1577 182
428 477 129
1495 1877 180
276 1667 182
1650 1419 172
536 650 145
1126 908 174
1493 1641 167
1369 22 182
101 950 179
1327 1277 177
1798 1110 182
551 1832 182
460 745 171
294 949 179
1534 1120 182
526 314 144
1597 21 182
544 225 144
1688 194 182
1645 576 182
1196 1123 182
1485 689 182
764 854 153
1064 1217 182
156 743 171
494 306 144
1853 1045 182
491 666 145
1791 785 182
1615 1677 180
257 141 128
344 1854 182
162 888 179
431 202 144
1434 76 182
778 631 171
1199 615 182
1672 315 182
1469 1088 182
1532 1977 180
1831 26 182
284 1685 182
1424 775 182
351 1567 182
1560 1966 180
1244 1817 180
459 1588 182
23 621 144
476 454 129
1175 263 182
883 305 179
894 434 179
921 566 179
750 742 96
7 282 128
1072 1838 182
661 1356 182
1875 437 182
131 578 144
4 43 112
896 1248 182
212 1355 182
1189 587 182
328 1665 182
1393 1855 180
1928 276 182
161 1174 182
711 1434 182
93 1461 182
528 100 144
95 1600 182
