1 2 2
5 6 9
11 17 18
12 23 21
24 32 112
60 68 108
25 52 112
50 102 119
10 30 112
7 57 113
9 21 21
13 37 112
8 19 21
26 40 112
65 94 116
161 169 112
143 193 125
14 243 128
4 15 20
189 195 120
27 39 112
46 62 113
16 98 119
51 108 119
18 170 122
165 256 128
118 283 128
111 253 128
166 348 144
557 600 119
33 41 110
78 119 119
22 47 112
86 123 119
20 31 112
28 254 128
265 322 131
190 602 144
282 561 144
191 295 128
34 75 116
79 120 119
139 229 125
157 266 128
148 304 128
3 550 144
206 425 144
126 564 144
205 647 144
212 470 144
29 61 113
35 38 22
73 144 122
36 69 113
182 535 144
96 644 144
404 483 134
49 198 125
208 768 171
152 811 171
42 64 113
209 218 115
43 44 30
171 323 131
97 625 144
74 495 144
66 784 171
269 294 118
207 1023 179
857 1187 182
45 48 105
53 137 122
174 375 144
396 586 142
384 680 145
307 796 171
385 868 171
258 805 171
962 1089 169
134 641 144
54 127 119
55 172 125
115 493 144
267 634 144
603 752 171
397 893 179
413 725 171
192 1285 182
948 1599 182
91 575 144
95 155 122
56 308 128
297 309 118
116 585 144
58 866 171
587 848 171
681 954 179
1219 1386 177
567 1729 182
835 1588 182
59 156 122
63 173 125
211 540 144
117 595 144
640 773 171
392 1228 182
526 799 171
76 1164 182
812 1675 182
398 1307 182
87 99 119
145 219 125
356 661 145
345 673 145
985 1093 169
154 797 171
620 995 179
522 700 145
503 1811 182
946 1947 182
77 146 122
188 319 131
100 604 144
414 816 171
408 1043 179
358 386 121
630 1483 182
565 1127 179
1487 2310 183
1593 2025 180
67 141 122
121 387 144
268 285 105
467 485 129
276 615 144
449 938 179
194 1865 182
1618 1834 180
966 2314 183
80 329 144
101 221 125
89 383 144
70 755 171
71 168 122
726 1408 182
447 468 129
1668 2029 180
1789 1861 162
854 1927 182
162 1848 182
72 81 116
82 576 144
702 764 171
210 1016 179
196 621 144
428 1319 182
85 1730 182
244 2507 209
1571 1855 180
722 2793 209
107 124 114
83 132 122
84 949 179
163 622 144
215 748 171
601 1605 182
2104 2194 170
88 541 144
513 824 171
1332 1460 172
112 310 128
469 623 142
769 891 179
745 1235 182
90 1009 179
486 2064 182
1788 2099 175
167 593 144
1012 1679 182
1689 2978 217
153 231 128
213 399 144
92 963 179
197 490 144
1099 1387 182
850 2151 182
798 1752 182
2016 2578 209
512 1857 182
374 1842 182
150 363 144
624 758 171
103 405 144
1100 1110 138
1329 1836 180
255 2233 183
716 2722 209
245 2323 183
1881 2894 209
3730 3828 176
93 104 119
539 577 137
199 698 145
892 1063 174
699 1902 182
105 914 179
142 2343 183
2324 2812 209
106 3515 217
3578 3804 238
247 284 123
109 270 128
110 444 144
237 1389 182
1492 1952 180
113 1671 182
1943 2808 209
928 2483 209
2761 3334 217
2030 2138 170
114 227 125
160 437 144
241 1317 182
1288 1630 177
2014 2121 170
2456 2480 209
2006 2767 209
1982 3289 217
122 1212 182
3376 4355 238
125 164 122
569 746 171
175 216 120
756 956 179
536 1238 182
271 2188 182
588 652 145
733 762 140
2152 3399 217
1149 3468 217
128 129 122
130 672 145
131 133 29
135 974 179
2165 2370 183
136 1903 182
1177 2394 183
559 2612 209
393 1379 182
1653 2197 180
