81292 7274 351
9165 8962 198
69112 8991 340
11514 4358 268
36503 5021 324
21697 8013 279
27198 2482 308
86932 4274 351
43800 5265 324
16208 339 276
44162 7998 324
61158 7743 340
62948 4343 340
93428 1222 351
71429 9735 340
28182 9883 308
84409 18 351
47009 6573 324
59572 399 340
67729 8777 340
11614 3627 268
93471 8428 351
81178 2383 351
48858 8590 324
56939 8468 340
77283 2147 351
48076 607 324
29973 1350 308
43958 3386 324
24895 7353 282
78012 2209 351
91585 5707 351
33561 2992 308
46549 7214 324
90847 782 351
63144 3489 340
16496 8473 276
9718 3115 262
39354 5363 324
30267 7390 308
39944 5425 324
32968 4300 308
4696 6850 262
33711 5586 308
60671 7666 340
74102 4556 340
11660 7070 268
96387 1627 351
42358 8465 324
11393 508 268
43723 8158 324
39771 395 324
39683 3140 324
41748 8582 324
63042 2480 340
76025 3483 340
36723 9460 324
44620 238 324
65420 5763 340
87160 9777 351
32269 4814 308
85504 7503 351
25354 8647 282
27571 9602 308
89619 1572 351
57842 3411 340
11227 4351 268
11269 3211 268
93435 4593 351
87165 4391 351
75723 2639 340
70144 6973 340
81243 7334 351
46304 4199 324
51548 2792 324
94571 3057 351
42142 5481 324
55486 1438 340
7535 782 262
92715 943 351
323 9579 262
66165 5266 340
45207 8326 324
29835 1579 308
25946 580 282
52390 6328 324
40878 4041 324
33931 7498 308
40985 4762 324
58561 2517 340
63371 9378 340
79060 4727 351
12590 6978 268
77384 1608 351
22432 4529 279
82643 4797 351
51570 3655 324
56869 5350 340
27915 2016 308
78100 7677 351
95133 585498 470
20784 601775 470
81462 648168 509
89625 491345 449
44328 854059 525
74232 271779 443
50305 142467 354
71226 369980 443
94229 45323 351
51814 115025 354
83628 753933 509
91356 570613 470
31366 35359 311
29229 919634 525
86548 685856 509
53347 860233 525
28741 479278 449
94020 821379 509
61219 245127 443
67784 60838 335
65231 793927 509
33437 869589 525
19133 896866 525
9698 174076 383
43798 422142 449
56756 801362 509
8843 32239 308
42435 552097 470
22956 554325 470
97754 12370 351
36052 250256 443
16415 727887 509
961 733156 509
68042 962545 525
78014 204324 383
75970 768371 509
17170 17189 191
56969 504913 449
19206 314342 443
32480 263557 443
60018 629135 509
98788 875876 525
60231 895118 525
86999 315015 443
96075 264606 443
52790 335207 443
76888 501883 449
10577 136964 354
59623 487105 449
67116 694046 509
31377 543693 470
15480 133251 354
67231 885026 525
21942 219179 386
62594 465494 449
75520 563497 470
46747 916482 525
72744 651882 509
7445 49633 324
78683 161703 383
95187 617697 470
39346 329605 443
30171 637596 509
20270 320591 443
4968 600779 470
11455 648783 509
61596 322752 443
69750 704955 509
22926 16638 279
66380 357055 443
75284 414894 449
69524 407313 443
31588 408835 443
19648 413170 449
52540 727338 509
48816 9141 324
67144 634141 509
54211 402864 443
13214 487388 449
60877 160962 383
13571 275590 443
98957 748984 509
14256 920925 525
76720 544575 470
37362 223805 386
52211 204145 383
42987 811913 509
93576 330713 443
52319 352381 443
70955 364204 443
57024 587603 470
41288 495397 449
28856 463102 449
71445 190819 383
47826 730211 509
94835 608283 470
87268 926774 525
11939 781399 509
29800 565857 470
26196 956266 525
39423 695467 509
53247 874689 525
81936 731538 509
53747 115637 354
68318 611923 470
17785 830315 509
93909 870932 525
72412 336072 443
59971 191934 383
92863 70535 351
93613 359794 443
72754 349718 443
27084 305463 443
48884 222491 386
58072 111740 354
82214 468687 449
88940 432286 449
68179 449250 449
34686 765195 509
86712 84209 302
96985 417939 449
5163 707902 509
24761 802286 509
15789 930745 525
20549 905752 525
23528 923001 525
6282 400464 443
99524 728334 509
32154 870755 525
81171 313639 443
97875 67633 351
30404 66451 340
56872 931223 525
58565 362418 443
90919 361566 443
88358 642676 509
75175 363663 443
51258 164619 383
1753 244398 443
12167 219423 386
