1 10 20
100 200 125
201 210 89
900 1000 174
34524 45245 324
9999 234234 443
234234 9999 443
1 99999 351
1 999999 525
999999 1 525
34 97653 351
123123 739464 509
13547 289923 443
1 10001 262
1 20001 279
1 30001 308
1 40001 324
1 50001 324
2 999999 525
999999 999999 259
1 1 1
1 2 2
2 1 2
648480 384079 509
145760 991046 525
50607 846353 525
849584 334581 525
254114 106169 443
884139 83477 525
570445 576685 372
429815 122559 449
369588 144637 443
273650 574935 470
753054 917333 525
392905 761435 509
145721 648425 509
416173 229543 449
828982 737348 468
436681 132644 449
153018 573883 470
51607 594297 470
500809 71670 449
10414 542852 470
128926 814828 509
595635 881593 525
141549 15790 354
412631 293940 449
666579 652554 442
283065 328094 389
321804 630768 509
806038 63108 509
658184 902730 525
880096 491299 525
612878 653768 509
974215 729747 525
681146 302667 509
727835 241788 509
924496 439524 525
239942 904851 525
108166 801611 509
24592 366224 443
452949 506989 444
426740 168391 449
859643 236736 525
408773 212752 443
583696 833848 509
710510 285767 509
234552 482704 449
262929 231626 381
588920 376247 470
868922 51388 525
411278 514719 470
309508 377044 441
82192 866523 525
364705 368841 361
452372 358787 449
49028 351847 443
314186 971340 525
837992 838224 238
275361 441150 449
818871 80320 509
638438 702272 442
826260 685898 504
218547 382129 443
646320 124082 509
677176 495974 509
101965 491142 449
17602 124722 354
677096 36248 509
48963 309947 443
107299 458109 449
942506 551864 525
255570 102384 443
371691 323206 441
100672 376239 443
861433 794277 525
318264 51575 443
976162 834478 525
851505 529196 525
658372 956209 525
562069 700997 509
472375 671297 509
380080 96607 443
85618 986857 525
766410 634271 504
330841 555397 470
21104 422240 449
163550 24172 383
514402 745523 509
378996 373580 423
430007 75870 449
132912 11334 354
178479 412920 449
774497 996187 525
913752 32413 525
388585 250894 441
31226 523091 470
747094 161408 509
811005 593036 509
894978 875324 445
423736 913360 525
157800 969370 525
458485 746527 509
96518 390957 443
93030 244278 443
413944 388999 449
270134 156367 443
396628 174987 443
233034 74660 443
430716 234944 449
448643 219112 449
87016 358376 443
191791 54865 383
415747 74663 449
299301 242701 407
467220 17121 449
434380 246061 449
134231 356656 443
343501 210738 443
424434 384826 449
251136 200171 443
342984 183554 443
37801 227718 386
416511 200734 449
419377 232457 449
372223 186171 443
285572 290342 389
389770 104243 443
102620 439009 449
402057 240784 441
459339 402304 449
31883 300168 443
270485 310431 389
408601 486159 449
118887 340356 443
8702 323292 443
235068 155833 443
175769 278619 443
267414 125438 443
446886 269171 449
420802 214685 449
462599 487073 413
435627 326588 449
457650 432553 400
274443 436977 449
358577 207860 443
80437 91127 333
221282 458679 449
291849 283400 389
423119 313893 449
257300 319494 407
384200 1193 443
21270 328739 443
801735 663926 504
926468 723981 525
965260 603074 525
887772 726141 525
807487 779618 468
869625 920489 476
759091 634602 504
681179 794513 504
749688 870666 525
693274 918624 525
842712 961742 507
990796 521764 525
858145 813939 525
608030 649538 509
595132 842639 525
543515 685425 509
782382 977731 525
666691 575133 509
612319 927719 525
958267 569614 525
737875 899566 525
547539 954328 525
874499 706770 525
812894 830900 450
831706 566432 509
912711 840408 476
740758 589378 509
681675 915196 525
708268 584263 509
611302 927973 525
869765 723887 525
537187 917312 525
956237 620702 525
966003 980170 458
766429 592158 509
528505 915412 525
871596 683234 525
904576 865001 445
723680 979576 525
846091 731185 525
513915 887772 525
875723 504965 525
916017 972163 507
849019 776468 525
709807 807446 468
625024 766661 509
776996 901834 525
728747 678688 504
549492 855906 525
546341 594130 452
