688105 77998 509
751195 46948 509
745722 751036 393
143799 917691 525
396315 562441 470
734236 773372 468
484504 595060 470
822025 653702 504
227403 566613 470
443119 59607 449
720978 742108 424
21804 608558 470
472741 889854 525
358758 762789 509
356703 875387 525
608497 590170 403
613551 49073 470
523592 223644 470
81286 819377 509
260061 478941 449
923795 735832 525
863830 139439 525
486905 272262 449
966935 354249 525
562086 814027 509
818055 579003 509
980180 442964 525
866855 497837 525
982471 18332 525
308434 928082 525
299194 82848 443
236163 829748 509
316404 478234 449
83863 295353 443
875821 974487 507
537042 976219 525
915618 267595 525
471149 977230 525
355757 672255 509
607698 765615 509
932015 870774 476
634399 210782 509
832041 302427 509
974134 345397 525
773641 646014 504
35098 379788 443
461003 702297 509
996394 583075 525
894518 351813 525
622331 931965 525
725162 181807 509
126587 173017 383
956925 305738 525
73361 185358 383
357179 951361 525
224521 68974 386
262944 172958 443
36218 630902 509
771462 267055 509
656593 96360 509
705148 568372 509
593187 95239 470
801303 695265 504
278533 167145 443
987399 626191 525
178971 266376 443
978438 509789 525
949166 731021 525
496745 568457 470
121588 78883 354
337829 670745 509
364960 303941 441
991717 407603 525
62278 959810 525
57182 617821 470
455711 565071 470
963360 732600 525
525471 996138 525
137762 383109 443
254767 811135 509
26232 545757 470
602654 225865 470
449493 530746 470
727282 889170 525
88725 160433 383
693101 913660 525
94437 601505 470
466110 559285 470
874352 590355 525
620129 592367 447
442832 543656 470
419626 912223 525
6175 982936 525
238212 572948 470
2106 740480 509
345967 802240 509
303957 293013 371
652642 682725 442
532840 892053 525
122659 869761 525
234792 880801 525
173895 401189 443
637155 39135 509
761936 165398 509
292648 817068 509
350389 163095 443
985454 277015 525
626563 482786 509
99732 552324 470
545415 738502 509
666486 28330 509
970248 433589 525
155711 547650 470
647590 425539 509
461365 668434 509
139839 513965 470
266732 235896 407
359386 217885 443
714073 133313 509
926819 511108 525
479259 197445 449
852869 346396 525
628080 192479 509
932263 129726 525
106524 553157 470
93974 168162 383
539137 252003 470
603674 575105 434
778364 842243 525
279072 414244 449
940138 486298 525
274217 701223 509
273996 125097 443
148862 945358 525
431365 878745 525
576866 511060 470
349433 600953 470
887468 183554 525
37125 395160 443
210659 123670 383
818764 645567 504
396528 146649 443
210377 641664 509
242327 260835 363
818704 301461 509
372125 437362 449
484869 690068 509
711313 64516 509
965389 852712 507
297779 874107 525
521561 935633 525
817719 367345 509
486331 349365 449
485845 808911 509
362466 46070 443
615767 506519 470
720102 159591 509
841308 718502 525
671429 300100 509
214795 78878 383
267754 768127 509
510567 968474 525
133921 344755 443
712251 821250 468
383844 398761 436
586144 517688 452
563633 987527 525
28429 520943 470
249491 370642 441
83879 204113 383
197228 664080 509
50715 581401 470
826142 715301 468
585363 193846 470
895854 84842 525
905708 627047 525
389298 71298 443
651124 602671 509
986293 676962 525
477664 175522 449
952088 259056 525
378442 18987 443
53989 580624 470
153494 841035 525
15011 751145 509
949459 906480 507
6237 456818 449
557911 255349 470
21815 821252 509
457801 869777 525
855686 59261 525
656235 801203 504
135716 873572 525
309787 382116 441
844511 741584 525
714307 81104 509
669761 307029 509
971952 391740 525
118559 420412 449
461250 48408 449
296149 172435 443
428808 742964 509
165179 214749 373
22633 963265 525
752473 97404 509
324060 296344 384
473087 263702 449
491125 597975 470
909805 590040 525
815723 931801 525
272971 856688 525
598243 765064 509
553088 827413 509
428076 494411 444
973965 220672 525
359421 756358 509
420512 121580 449
201397 714655 509
861891 70975 525
549773 275548 470
985206 333550 525
641370 786890 504
526235 380182 470
936499 270683 525
823415 859496 525
704399 290388 509
888686 534381 525
409917 972820 525
471013 974305 525
471959 791042 509
926401 269142 525
173079 987894 525
468452 245085 449
363861 706279 509
945694 188687 525
460326 521852 470
832872 502179 509
639860 280221 509
265358 775850 509
136857 652136 509
436081 77537 449
93440 909055 525
327785 577285 470
213104 800186 509
339372 228128 443
712868 733915 411
157150 722994 509
897311 482568 525
657356 212620 509
507313 87276 449
