681419 60878 509
267285 769787 509
549290 786480 509
769526 453822 509
783335 472781 509
800869 172384 509
226183 421792 449
259242 936837 525
684891 550361 509
672897 212944 509
14242 322872 443
283592 534612 470
162122 624608 470
997565 791276 525
491590 4 449
763541 549191 509
472546 903644 525
918446 318661 525
270519 741744 509
179205 637213 509
850868 517997 525
252951 203014 443
963803 840029 507
488145 63306 449
778914 891366 525
595590 39433 470
997508 728674 525
230975 152988 443
986825 925178 507
149565 806916 509
852329 148553 525
718825 870885 525
392542 735201 509
806228 622013 509
565489 702720 509
447177 700029 509
436628 928502 525
241933 850221 525
575224 414774 470
130616 248026 443
519426 659037 509
51815 625871 470
239892 153736 443
3017 255876 443
497623 950135 525
190025 81317 383
613736 38726 470
277714 935213 525
447223 22185 449
235954 836189 509
311329 186713 443
912165 809770 525
149971 613780 470
255983 547501 470
542735 416635 470
71657 486827 449
10257 534619 470
280272 571390 470
651415 773150 504
936577 34436 525
359534 938437 525
664144 37271 509
736915 983314 525
747783 890203 525
355284 54250 443
853575 885191 432
194361 209462 373
234598 477401 449
931545 364190 525
324333 667149 509
252789 711575 509
819975 954206 525
508061 466224 426
714288 163192 509
844357 282412 525
247344 771831 509
415055 110021 449
418441 113033 449
386452 568687 470
523687 967341 525
240680 144262 443
166173 613999 470
308732 641581 509
323367 366921 441
558166 363666 470
350287 986083 525
407136 429856 449
247243 125400 443
739694 494022 509
127329 154870 375
356891 878867 525
581599 277791 470
814041 803493 406
558759 853137 525
966542 948740 414
451428 228635 449
575014 78495 470
312473 191896 443
5046 815010 509
512583 354935 470
397702 952413 525
694232 401660 509
683954 884990 525
577354 148458 470
469598 825438 509
28505 794721 509
126713 493157 449
817975 573185 509
393596 863826 525
658277 249220 509
407130 388835 436
442609 563687 470
369913 816827 509
83348 765780 509
989002 379454 525
988338 840220 507
413959 639596 509
6643 897500 525
648982 742679 504
625685 466306 470
317184 160350 443
308079 104076 443
214678 270666 443
119209 824594 509
307947 280056 389
215519 330839 443
700034 59750 509
338692 936768 525
619418 442932 470
192329 363489 443
670018 408833 509
465456 303301 449
421560 366045 449
311090 759305 509
916656 439762 525
288348 688822 509
824216 266281 509
132977 405613 443
778430 302960 509
233905 528877 470
908335 72976 525
362356 6296 443
685087 81622 509
25254 883879 525
992361 364480 525
796112 47123 509
759872 757726 362
114259 116017 349
590831 16940 470
337249 40679 443
561236 853161 525
281451 714903 509
772192 803595 468
92291 101680 341
296037 609240 470
48289 947745 525
872890 432832 525
822018 153454 509
86264 817895 509
796251 259832 509
774751 763328 468
265064 316360 407
121330 667815 509
737317 601093 509
202681 184516 360
103907 278950 443
777946 218826 509
130358 104538 354
749726 400691 509
592791 702618 509
39622 367783 443
387968 792331 509
586521 107017 470
117102 960558 525
797818 419263 509
968267 235310 525
62156 295719 443
203734 761780 509
866782 624333 525
196213 341710 443
653486 180749 509
751971 460987 509
794101 300681 509
408943 700876 509
969934 979204 458
504431 105075 449
798998 397386 509
69688 157756 383
770794 37768 509
27578 517058 470
420410 617613 470
744780 543947 509
202083 42475 383
721358 968183 525
706872 462504 509
88295 741076 509
709973 300060 509
627478 239024 509
30242 809566 509
228848 502300 449
337815 329193 366
55859 120331 354
855299 888817 445
203089 707707 509
363815 249860 441
298798 654426 509
47244 769977 509
330414 979391 525
486368 709192 509
952370 667909 525
549131 723996 509
673437 831994 504
14101 332004 443
614597 396477 470
511268 72188 449
978745 784493 525
767633 934340 525
979920 252620 525
204613 386252 443
742468 108999 509
650116 988304 525
599504 36979 470
300199 152471 443
295199 142376 443
93552 76438 351
826907 144161 509
346612 263361 441
50796 336436 443
837944 323967 525
718642 563769 509
527571 950061 525
313589 472509 449
750302 47147 509
909168 727442 525
31616 18729 308
288532 716150 509
640536 106036 509
729833 502697 509
615961 504244 470
188831 437796 449
281264 699946 509
91316 884324 525
196523 104481 383
585570 975111 525
88575 593864 470
899079 184142 525
546167 8454 470
393878 762846 509
170766 14126 383
21373 769895 509
