3475 3211 181
1447 74 182
665 3551 217
3123 4952 238
3361 3610 194
4916 1883 238
82 4159 238
304 3393 217
532 3273 217
3266 2414 217
769 2263 183
4114 2911 238
4918 4223 215
4171 1995 238
4649 381 238
2669 3286 217
252 1997 182
3529 4763 238
823 3157 217
98 3269 217
4796 2176 238
1551 860753 525
5402 345811 443
3718 323345 443
4068 735399 509
7438 324691 443
7372 872642 525
7109 658831 509
765 746873 509
5896 708049 509
7862 372767 443
4431 63824 340
7611 710819 509
2597 4318 238
2473 73 209
1652 664 182
2751 3351 217
1596 2847 209
2457 4211 238
660 1796 182
1682 3693 217
4031 311 238
2050 2070 157
489 1184 182
2389 4136 238
2791 3178 217
604 3610 217
1959 1988 175
2929 2006 217
2279 4132 238
4239 2080 238
4233 354 238
2592 4741 238
1500 79 182
201 2750 209
2446 953 183
1280 2544 209
933 2260 183
4534 4025 215
4709 4662 153
3614 4320 238
419 982 179
2181 1377 180
4368 2554 238
1772 3789 238
2850 3957 238
2697 3946 238
1596 1609 167
2828 3428 217
4214 2502 238
1341 1375 159
1503 2479 209
2595 3448 217
4062 1893 238
4526 503 238
3281 4226 238
1574 1459 172
1140 1196 182
4045 3770 189
435 3597 217
759 4771 238
3123 3139 155
130 3938 238
738 1720 182
1976 1279 180
1591 2728 209
1393 1564 172
4284 2354 238
3606 3561 194
448 638 142
2992 4502 238
1225 1985 180
4279 4860 215
1158 3576 217
4590 840 238
1915 1759 175
2044 3029 217
2734 2812 173
3366 4501 238
510 1244 182
2007 1236 180
2267 3473 217
2889 4289 238
4808 2296 238
4613 4033 215
3989 3907 189
1007 2722 209
3329 383 217
1533 257 182
813 92 171
1446 488 182
2652 1540 209
919 1040 174
3038 370 217
3033 2630 217
4244 4001 202
310 4749 238
1261 3382 217
3994 4785 215
3423 1843 217
1694 51 182
4386 1200 238
2919 3166 217
806 1264 182
4597 2596 238
1292 2661 209
3008 2461 217
1522 3673 217
3285 534 217
3176 1947 217
3246 1162 217
1024 186 179
4272 3024 238
2499 4473 238
4766 2400 238
1813 4487 238
2291 4547 238
3090 3226 199
1260 638 182
59 1127 179
3979 178 238
177 3000 217
832 924 179
2538 2098 209
4946 3684 238
16 2530 209
3147 1164 217
4167 4292 202
4498 3751 215
4183 3984 189
730 2475 209
1767 481 182
840 1972 182
1347 3115 217
3882 1423 238
4852 345 238
4882 1271 238
4526 3320 238
650 2264 183
2327 3939 238
777 4990 238
4210 835 238
1979 240 182
643 1955 182
4831 2055 238
870 2014 182
442 1285 182
1416 3021 217
2066 2748 209
3775 2361 238
2973 1140 217
4926 3161 238
4967 311 238
4024 4561 215
4777 4709 197
589 2951 217
1663 1792 180
2298 67 183
74 459 144
4475 4442 184
1012 4636 238
3804 3975 189
3067 3962 238
4421 3127 238
1068 765 179
2691 4903 238
3465 969 217
4491 708 238
2061 918 182
2202 3983 238
723 3056 217
4408 2451 238
1431 765 182
4107 1132 238
3916 1912 238
4304 4774 215
3309 4066 238
116 2087 182
1839 199 182
1624 3714 238
2971 3452 199
1211 529 182
3322 4347 238
825 4806 238
4056 104 238
3258 14 217
1315 2092 180
3117 2531 217
5 7339 262
47 2280 183
49 4067 238
1 6236 262
39 7345 262
19 1226 182
49 5659 238
8 3013 217
40 4667 238
49 3693 217
1 5978 238
18 6809 262
21 6888 262
34 223 125
19 5141 238
4300 4024 202
3359 1419 217
178 429 144
203 483 144
3348 1493 217
3148 1131 217
238 1873 182
1282 4979 238
4141 2429 238
3495 1346 217
2807 4453 238
1188 4070 238
2873 682 209
3382 2524 217
4736 1744 238
2149 4237 238
3412 4727 238
4222 3150 238
1486 4596 238
1854 3330 217
1859 3188 217
4302 54 238
2496 661 209
215 1432 182
3861 32 238
1875 693 182
4262 2894 238
3954 3646 238
2140 1198 180
494 3030 217
1427 2377 183
1454 1475 172
1804 922 182
2143 4446 238
2579 53 209
609 1136 179
1299 363 182
4613 1315 238
2037 4295 238
397 1099 179
3959 2617 238
4691 4303 215
1969 4620 238
595 2408 183
4019 533 238
