64115 123459 354
95091 303137 443
91828 234503 443
571167 715436 509
46238 189979 383
651696 763549 504
50307 670300 509
327132 392773 441
228278 329937 443
77654 740073 509
660478 820502 504
73974 249447 443
229743 257269 443
69221 304227 443
613537 881888 525
75591 276213 443
223761 473146 449
191178 727253 509
623827 691673 509
452935 873655 525
43262 67153 340
328297 876131 525
221462 305793 443
142313 497391 449
99027 423191 449
69578 85614 351
639962 890631 525
66361 229728 386
118971 630906 509
58475 357731 443
759389 876772 525
543674 642775 509
288570 404203 441
161030 229565 386
584835 707055 509
19227 37307 324
79106 171724 383
171778 183347 365
26264 457238 449
368296 653152 509
168971 179785 347
344537 429187 449
502408 691103 509
266896 512311 470
325998 528031 470
358283 690680 509
8421 40191 324
64095 736164 509
292874 895403 525
164561 191111 365
33022 72719 340
215083 263166 443
155814 443825 449
383491 478384 449
50024 118473 354
257363 366843 441
269430 349174 441
214589 812339 509
453498 855689 525
93984 395310 443
142848 223460 386
207708 593546 470
157988 487339 449
110718 135592 349
234626 295998 407
279978 763188 509
263863 772840 509
12095 23677 282
88099 125710 354
55404 341669 443
489644 532938 470
387103 482052 449
233697 583085 470
42907 126926 354
22774 99764 351
116865 157148 383
50229 84275 351
117537 267287 443
323566 821423 509
37346 377952 443
103417 139836 354
325668 408311 441
422287 812325 509
520039 745676 509
171403 573850 470
423101 871271 525
287165 634534 509
407722 494292 449
425553 728192 509
34898 839071 525
125039 194147 383
355794 793667 509
69181 260891 443
52018 123695 354
471514 613969 470
123773 285906 443
145230 243622 443
233253 388859 441
45572 57147 340
190890 363501 443
65171 510812 449
86528 121360 354
178227 383053 443
593983 699790 509
324667 356811 441
155429 290940 443
724782 764232 424
629209 882273 525
253762 749712 509
346507 588254 470
94742 111718 354
13493 284219 443
227844 778221 509
24109 30934 308
22546 28576 308
9732 10640 255
45582 109735 354
3559 56338 340
51744 80716 351
179574 421823 449
16203 89747 351
171060 193671 365
738952 755833 424
201423 324412 443
59193 187418 383
465924 536518 470
181449 601569 470
41704 318798 443
198061 595092 470
114377 233505 443
411729 429350 418
408920 655704 509
285850 389766 441
135836 538090 470
464667 505138 426
372224 636938 509
440726 445014 356
492210 493633 426
32504 307428 443
185329 634089 509
420001 525868 470
645569 865587 525
131703 173631 383
396543 406796 405
222371 468429 449
209484 508378 449
643470 889698 525
227510 314265 443
160960 868444 525
132650 142609 375
64553 70025 312
6885 409627 443
779 1781 182
343316 682911 509
107999 158163 383
316432 728740 509
83866 446393 449
6161 329487 443
239117 556512 470
44845 97375 351
322850 352422 441
59104 183666 383
34945 145978 375
154213 321932 443
10823 34792 311
87711 97529 333
76522 143499 375
181704 419622 449
56503 68184 335
527320 638900 509
71746 219390 386
63089 93747 351
267960 506543 449
131945 408244 443
783502 836671 468
32411 108403 354
155506 509248 449
389720 750238 509
169881 387936 443
297912 546559 470
270243 393296 441
30959 289843 443
46459 687694 509
86559 174400 383
554051 720210 509
107127 120821 349
25786 170645 383
67149 333891 443
866 167945 383
316579 722976 509
169125 220003 386
206700 861273 525
196833 519580 470
518141 803206 509
426370 709812 509
356802 405013 436
364016 656510 509
30387 46196 324
253344 865290 525
538785 745172 509
149774 319704 443
99717 415494 449
157301 684249 509
112574 878929 525
25763 321585 443
730163 839044 525
3715 6273 262
200741 232144 443
92745 288654 443
213068 781938 509
729939 738473 424
42451 333675 443
336229 489958 449
256180 377237 441
28842 104988 351
5361 328255 443
35139 157411 383
8372 38717 324
103633 542421 470
690369 763049 504
141358 747826 509
47758 779499 509
372488 779578 509
126519 168195 383
21161 46248 324
185684 801589 509
634889 771156 504
1662 120417 354
459055 758048 509
44225 72394 340
29513 511074 449
599543 734175 509
65123 406131 443
563900 657708 509
196734 400822 443
283350 286367 376
173880 350914 443
241476 696430 509
4771 10668 262
114068 172445 383
44090 685521 509
28763 29691 272
274114 674351 509
74856 177535 383
196060 491641 449
450361 523748 470
233695 296965 407
604118 748163 509
203853 433982 449
71773 452861 449
