1 999999 525
999999 1 525
10 10 7
680034 78233 509
70305 305382 443
545786 177358 470
741192 825094 468
416001 948205 525
644101 160785 509
694113 158113 509
866092 14460 525
899391 806351 525
763021 514244 509
494731 55779 449
154724 86703 375
371980 942682 525
414497 524675 470
323684 737795 509
754793 189671 509
172419 183221 365
873697 78517 525
245033 69204 443
911676 216894 525
306685 195775 443
129369 450387 449
143362 604835 470
200126 884386 525
530192 695122 509
44731 381755 443
388459 620830 470
912429 256415 525
106192 729147 509
142763 891040 525
72312 584002 470
3927 224600 386
680081 327194 509
288351 180202 443
571396 967938 525
712767 99223 509
518218 268773 470
220768 907061 525
968617 191867 525
995143 122973 525
728072 11691 509
150664 759515 509
592576 599102 372
566770 175525 470
734388 234937 509
586053 762668 509
133441 311611 443
791475 296879 509
578611 439628 470
55211 174177 383
98971 92174 328
914264 162914 525
713599 244102 509
383656 412771 449
50536 949204 525
700644 460232 509
667117 554990 509
585944 386616 470
302455 604046 470
185107 112155 383
189138 443269 449
798286 396414 509
315188 943559 525
801909 742509 468
304368 713154 509
537241 856587 525
513271 477917 470
173509 949768 525
743610 295917 509
816625 765332 468
145176 581653 470
295570 518680 470
281321 392431 441
849209 36337 525
552681 351383 470
904144 664544 525
428075 534989 470
575939 657678 509
669935 241654 509
503837 145625 449
460256 504662 444
98893 452931 449
308056 522000 470
350952 309088 441
58694 684928 509
456336 885034 525
536094 842451 525
490381 803012 509
361499 615741 470
891307 462463 525
775092 779689 437
729261 481781 509
182981 23650 383
62178 948146 525
780930 866847 525
451340 60088 449
693120 581936 509
886164 307832 525
213545 455777 449
325147 93077 443
564742 130280 470
680246 961013 525
729460 298084 509
496173 578779 470
730469 596969 509
528059 463525 470
430063 767412 509
755936 205044 509
624205 741135 509
639265 203182 509
980705 776437 525
265998 587858 470
486794 641176 509
917409 683142 525
838835 655846 525
181900 716941 509
675682 173880 509
292122 944406 525
369741 217565 443
893064 405052 525
126529 651111 509
709064 509562 509
745419 922525 525
982212 198699 525
224180 758951 509
182380 484738 449
984939 964839 458
551703 536258 452
141022 656060 509
590090 389510 470
533126 643004 509
877230 425892 525
236876 585394 470
413557 74400 449
300741 707147 509
643158 593199 509
896481 452089 525
979023 963583 458
84659 292115 443
198123 141884 383
327069 209888 443
509766 285699 449
599126 355069 470
39204 984507 525
369800 926979 525
254760 720109 509
39202 794452 509
360832 248645 441
384212 599827 470
645135 580938 509
82865 164752 383
282561 310836 389
598108 261411 470
488392 401645 449
540441 39073 470
730862 373208 509
924518 604178 525
27957 756757 509
336001 747832 509
476546 42754 449
226501 437290 449
464991 763703 509
663629 142901 509
720315 726888 411
718829 646731 504
465006 309691 449
43318 758529 509
589702 62116 470
673694 87559 509
110695 276705 443
163584 838047 525
926971 422194 525
661673 612252 509
927115 611963 525
876465 963237 507
189123 817011 509
120990 679446 509
587149 58447 470
595435 406073 470
362842 710902 509
841751 697691 525
638728 529102 509
993020 811916 525
191279 562420 470
391003 679838 509
141151 234659 443
166510 487091 449
312651 113396 443
535635 160719 470
173251 628205 509
555560 416098 470
937301 147638 525
399200 484912 449
830402 821040 419
826715 927222 525
645795 297681 509
444476 542318 470
777500 573664 509
258718 317419 407
291829 334058 384
690288 145406 509
381618 447060 449
128889 601267 470
981805 506704 525
661392 777264 504
455787 102267 449
676882 288959 509
324769 61565 443
512830 409427 470
685897 730547 504
983172 370839 525
271353 458689 449
615732 351602 470
185221 507677 449
86944 302588 443
665892 173103 509
834585 867351 525
553811 356389 470
447533 174737 449
829808 212943 509
139220 350665 443
667889 389965 509
601068 899019 525
49366 510388 449
314577 133045 443
684170 865932 525
667187 738807 504
825914 195973 509
759743 532847 509
900132 125588 525
377681 237203 441
692450 336652 509
846205 97369 525
770974 665279 504
627679 930397 525
7775 466053 449
629824 225580 509
59275 970293 525
392613 445931 449
561904 745529 509
742813 118586 509
103989 911976 525
256308 12669 443
854281 43987 525
115149 203631 383
917741 813379 525
530437 317825 470
529188 609817 452
141518 297357 443
683443 904181 525
834019 604027 509
386657 279543 441
783545 399861 509
909902 217280 525
285342 354546 441
423197 450407 418
758665 539418 509
683851 229414 509
342870 738419 509
426738 922433 525
338668 409494 441
755092 822352 468
575018 857053 525
407695 443341 449
143038 540247 470
311237 831691 509
253566 327340 407
238832 891341 525
956499 173390 525
336219 838563 525
565858 364170 470
583377 661105 509
983909 600846 525
25824 783632 509
81101 536283 470
262041 755160 509
2505 529762 470
358753 304965 441
766741 412917 509
427073 709780 509
775096 606631 509
79068 919633 525
275094 51744 443
100036 128681 354
801626 108663 509
622724 492879 470
255068 367043 441
976695 253505 525
736327 127106 509
529642 171979 470
