6 16 20
19 5 21
11 16 18
10 16 18
2 1 2
19 3 21
12 14 18
8 5 17
15 19 21
9 5 20
20 3 21
1 20 21
10 20 21
20 6 21
8 9 20
8 16 20
17 11 18
13 4 20
14 20 21
9 11 20
6 13 20
2 7 17
12 12 10
8 17 20
3 10 20
5 3 8
7 15 20
16 10 18
9 5 20
3 8 17
10 12 15
17 2 20
15 11 18
1 14 20
15 6 20
11 15 18
2 3 8
15 18 21
12 2 20
19 10 21
9 12 20
16 9 20
12 17 18
16 5 20
18 13 21
13 9 20
10 4 20
8 15 20
10 7 20
10 2 20
7 9 20
5 1 8
6 7 17
10 3 20
1 7 17
5 10 20
3 6 9
9 3 20
2 3 8
9 8 20
1 5 8
1 8 17
10 3 20
3 5 8
5 3 8
10 9 20
9 1 20
1 4 8
1 2 2
7 9 20
165 126 122
113 121 96
188 159 125
119 122 96
141 107 122
102 195 125
188 157 125
102 162 122
133 100 122
193 175 120
187 180 94
171 128 125
200 140 125
132 111 122
166 169 112
142 190 125
150 189 125
135 123 122
108 101 114
143 161 117
157 199 125
130 156 117
112 148 122
159 160 55
118 174 125
181 160 125
137 162 117
160 116 122
137 165 117
171 105 125
164 196 125
108 157 122
120 180 125
151 168 112
110 165 122
168 107 122
126 187 125
180 124 125
141 152 117
161 182 125
150 152 24
153 163 99
111 147 122
123 160 122
197 131 125
153 193 125
116 104 114
107 176 125
162 128 122
173 170 125
1097 1707 182
1291 1574 177
1153 1459 182
1426 1636 172
1058 1466 182
1246 1484 177
1200 1457 177
1312 1688 180
1251 1514 177
1188 1831 180
1399 1640 172
1334 1697 180
1293 1430 177
1247 1632 177
1078 1814 182
1384 1877 180
1297 1759 180
1104 1666 182
1368 1467 172
1248 1663 177
1351 1705 180
1048 1839 182
1348 1599 172
1397 1427 172
1128 1409 182
1424 1739 180
1454 1581 172
1468 1465 141
1249 1834 180
1389 1823 180
1033 1595 182
1340 1602 172
1463 1444 141
1230 1661 177
1376 1650 172
1174 1532 177
1104 1812 182
1297 1423 177
1130 1878 182
1377 1425 172
1385 1817 180
1054 1812 182
1364 1662 172
1440 1712 180
1252 1833 180
1024 1473 182
1369 1479 172
1045 1422 182
1427 1519 172
1448 1774 180
10750 13522 276
16112 12983 276
15819 17492 266
16210 15753 253
12080 12126 188
19042 17445 279
17822 16939 279
18015 15504 279
19621 17953 274
19914 12645 279
71113 67330 312
76557 54677 335
57005 69427 335
71264 51830 340
63870 52834 335
52056 57155 340
76048 73079 325
71032 78800 351
73192 65315 325
73417 57218 335
190067 72733 383
522582 322657 470
456614 668322 509
219136 835356 509
518374 183408 470
633265 436510 509
555509 51398 470
451609 807869 509
378594 926433 525
834385 242495 509
1 999999 525
1 1 1
