439232 191489 449
956861 922960 507
866701 110932 525
112959 204549 383
467814 402094 449
924605 764489 525
413361 587301 470
303339 909112 525
479544 639520 509
622297 662115 509
214019 754280 509
317298 207705 443
971284 513615 525
876097 369733 525
260230 398796 441
564805 910583 525
515193 356644 470
805507 750217 468
375042 171801 443
189592 87960 383
882265 324395 525
225421 326423 443
780171 85957 509
472362 358456 449
350941 810588 509
268337 691431 509
967744 278612 525
320861 812799 509
624119 904267 525
472755 229889 449
323929 320768 371
687163 580644 509
729162 134159 509
268124 223898 443
618993 283007 470
929682 557018 525
662889 510200 509
434686 648157 509
446848 34699 449
35321 270436 443
932771 411964 525
138188 797626 509
543994 649213 509
933989 98829 525
943756 302029 525
671451 254238 509
723056 786285 468
243994 379164 441
999762 988101 440
378148 947477 525
335639 800246 509
737123 596551 509
490578 260001 449
684824 629885 442
2712 359905 443
517090 660600 509
980237 300220 525
956837 789305 525
625226 789484 509
597702 333175 470
930907 398865 525
811145 878525 525
607436 865194 525
268883 64855 443
928249 413365 525
884954 849148 432
133052 667747 509
72651 405076 443
414305 695070 509
493033 646783 509
102072 692838 509
525934 43670 470
575680 156452 470
746421 573653 509
968894 319641 525
677530 907125 525
275647 893370 525
170741 291257 443
940738 282311 525
79401 882063 525
25548 917256 525
400815 809952 509
222794 483112 449
19579 47222 324
280225 284795 358
48590 268229 443
766985 452443 509
950137 135636 525
668980 479475 509
473915 410288 444
818861 972886 525
130718 46637 354
231604 918337 525
872119 351386 525
884162 569936 525
326820 15227 443
895836 363800 525
176320 826168 509
677275 29284 509
616880 479985 470
104897 227998 386
306150 350225 441
13919 191534 383
647432 115039 509
237554 225017 443
587590 574656 434
667180 744442 504
584308 432209 470
498491 467920 426
544440 326507 470
91447 314670 443
508880 671173 509
400050 214850 443
221819 672427 509
730622 343504 509
439255 154304 449
886981 710312 525
824560 260762 509
98446 39708 351
415843 744434 509
50471 998434 525
487641 437555 444
79193 43242 351
332506 923630 525
479585 23808 449
499887 377080 449
940027 133155 525
787768 825400 468
765283 170811 509
28864 358463 443
964191 964046 277
495696 179744 449
3917 888775 525
811558 935923 525
227594 741366 509
611006 196446 470
658854 245009 509
41206 446991 449
241855 678835 509
323871 484416 449
957942 566012 525
850342 999118 507
732385 249628 509
732568 738566 424
820112 791380 468
879120 694372 525
224635 451133 449
681417 224388 509
190574 481027 449
34138 494684 449
244823 974538 525
899709 518466 525
695483 433708 509
7024 804666 509
259751 760108 509
473485 50573 449
528929 252493 470
189320 122472 383
183564 743358 509
675906 926298 525
280723 26541 443
234613 415299 449
141260 929144 525
23477 962667 525
775773 382998 509
247942 481040 449
158103 664303 509
429692 499901 444
678992 388471 509
361028 183192 443
182651 531528 470
989766 802603 525
450345 377413 449
774780 568127 509
111842 314799 443
442676 417815 418
653758 248250 509
915496 918336 383
864178 69195 525
403345 509538 449
639034 496483 509
178920 893601 525
821464 802489 450
812645 30895 509
205923 653062 509
536940 80468 470
128461 112886 349
947228 122754 525
692110 757243 504
10824 119821 354
157928 309646 443
699370 390810 509
986869 691534 525
367453 916027 525
778222 947570 525
137082 319135 443
301405 696788 509
324581 28812 443
427190 349036 449
932357 680050 525
885427 339443 525
993524 174799 525
487967 419386 444
778812 374427 509
153898 938233 525
263366 586504 470
722672 202929 509
139940 879136 525
495719 268064 449
810320 858978 525
536550 7884 470
555389 239994 470
74678 190234 383
926581 354424 525
497993 876141 525
490375 418158 444
22617 988219 525
85503 120617 354
720489 710467 411
563326 674977 509
974065 40872 525
838075 552759 525
258480 913549 525
361477 911970 525
13954 300861 443
513025 705962 509
228436 88648 386
212174 833658 509
792588 281490 509
878624 745129 525
261431 305260 407
931795 549755 525
134784 3745 354
303736 201515 443
150850 201262 383
698612 541290 509
915782 873196 476
984585 530610 525
887511 776029 525
273884 41116 443
57220 683315 509
513137 999322 525
496177 302655 449
137572 245313 443
800857 187978 509
169444 171357 334
99152 35491 351
575611 341015 470
830811 171051 509
562132 268007 470
844434 528655 525
791258 289376 509
630208 961802 525
634306 652757 416
694397 948521 525
616333 741138 509
581288 523983 452
273625 781091 509
751147 333864 509
192258 425178 449
976108 242048 525
68071 814731 509
678465 274243 509
961907 532145 525
894849 896286 339
291264 576668 470
513466 5117 470
996298 284614 525
387222 808231 509
547409 380332 470
277879 597063 470
153963 734083 509
208943 633081 509
727575 754694 424
908868 588982 525
461003 402399 449
231606 975786 525
288233 623702 470
688583 405788 509
2364 170568 383
650583 140893 509
991695 518673 525
882973 579687 525
458053 495026 444
936381 720117 525
812791 190681 509
280410 54094 443
574319 18349 470
912965 226778 525
652999 695711 442
375225 651756 509
802204 22162 509
440654 626236 470
957986 363709 525
691318 509085 509
247275 479778 449
555025 300444 470
267509 337642 407
727263 714416 411
539219 618575 452
