1 100 119
1 1000 179
1 10000 262
1 100000 351
1 999999 525
100 1 119
1000 1 179
10000 1 262
100000 1 351
999999 1 525
9144 662146 509
48526 223753 386
934063 632539 525
148505 540612 470
357109 634753 509
737629 375734 509
537800 384558 470
923626 307857 525
101863 945941 525
284416 613482 470
321476 454981 449
571577 802769 509
781524 325205 509
816533 743535 468
552806 510524 470
17341 936633 525
10784 364746 443
794193 135072 509
455831 9769 449
264504 500877 449
820105 250083 509
551633 923097 525
618109 372605 470
151065 214850 383
504528 392589 449
46856 308303 443
342142 439261 449
340681 842688 525
602237 657823 509
326498 585380 470
546063 316263 470
551823 435879 470
679196 289826 509
359039 464890 449
113221 310046 443
420573 728500 509
601833 852344 525
435232 641386 509
487884 320739 449
277576 374698 441
383820 407605 436
927031 877409 476
355342 525410 470
708362 439786 509
433265 542265 470
928387 675709 525
500819 170349 449
926843 844272 476
781234 694022 504
137613 984481 525
181712 716150 509
492067 15611 449
925665 886392 476
821487 719361 468
339544 762780 509
653317 394693 509
700340 996492 525
303984 663550 509
750366 725160 424
581337 562016 421
277841 270840 389
939281 604203 525
610745 993872 525
327989 671162 509
98173 760187 509
154359 258742 443
7951 612690 470
820809 611021 509
422809 350994 449
264957 811619 509
219156 381022 443
899207 760088 525
35221 888164 525
621333 462454 470
627623 130358 509
758091 387848 509
922815 254240 525
744478 867865 525
748789 454076 509
732090 331024 509
60100 24724 340
554720 254846 470
599850 976219 525
573137 683137 509
711073 925645 525
223085 204349 386
31678 645002 509
107540 380880 443
839976 618734 525
849983 300871 525
397131 965194 525
167606 603731 470
328789 773235 509
417949 126157 449
187529 897015 525
731905 63246 509
744387 831485 468
935148 589236 525
672299 385301 509
158750 321447 443
729689 149254 509
69815 402350 443
556266 842519 525
352186 545101 470
650465 733765 504
614806 354063 470
396442 670725 509
824052 881953 525
524748 143572 470
312277 301178 371
465803 36315 449
242362 350403 441
59167 597937 470
157796 924024 525
723852 761403 424
834316 545581 509
322003 32238 443
975344 537708 525
930004 657006 525
799730 571235 509
748683 538883 509
801365 744341 468
62423 145830 375
334871 698816 509
185261 326272 443
592330 391239 470
983182 511958 525
618203 791848 509
279078 605608 470
651240 416317 509
762825 412083 509
596274 478073 470
673115 511301 509
567606 157435 470
984802 516948 525
595519 402602 470
590416 213364 470
129089 667790 509
415510 728393 509
985936 668594 525
626292 345256 470
480992 708169 509
697247 548712 509
836190 102602 509
706147 308183 509
817544 73306 509
545330 855451 525
607958 374096 470
602601 718694 509
343816 805045 509
403624 845351 525
157891 921158 525
181870 283004 443
444831 966558 525
467147 5242 449
187657 603782 470
638346 332144 509
113323 10955 354
850131 72949 525
182689 906088 525
758549 391076 509
7441 617189 470
789988 119019 509
862561 244702 525
803513 149431 509
170127 831897 509
685973 666009 385
862078 9579 525
240463 522562 470
385450 374304 423
587282 263767 470
787595 425250 509
643053 468417 509
999775 751291 525
244651 982697 525
142233 223392 386
246977 227198 443
555460 472980 470
251986 846471 525
433157 971398 525
664313 672052 442
68985 942586 525
681953 959989 525
556836 999219 525
581728 345587 470
325099 750867 509
18381 94803 351
196852 379356 443
716560 589424 509
443387 316647 449
362748 573851 470
409323 586345 470
128988 410513 449
187084 480698 449
602467 840637 525
642722 192417 509
364220 89010 443
503437 997196 525
694563 831230 504
459227 857880 525
