283522 272008 389
923783 754578 525
164775 925172 525
359923 967063 525
611659 72191 470
628464 167733 509
933837 951440 507
352398 691389 509
561513 857109 525
201536 942160 525
703279 430155 509
983787 95532 525
328488 384831 441
33489 743982 509
388677 91483 443
370504 533821 470
830841 746570 468
766257 256513 509
68667 9953 340
154335 86739 375
141015 705077 509
521079 557062 452
444744 705042 509
516832 569335 452
296148 909006 525
179420 880625 525
617317 984410 525
900251 629236 525
194437 503405 449
77842 16361 351
530413 9335 470
446737 821104 509
886105 157818 525
606481 724967 509
280749 271903 389
417016 667817 509
555511 787218 509
585380 261859 470
59832 304224 443
883062 154103 525
422603 937488 525
984421 292909 525
827670 38897 509
423382 41303 449
517792 196488 470
427823 604601 470
240475 242412 368
592779 636866 509
563336 550010 421
789342 789964 300
39415 235156 443
965180 253384 525
608890 187828 470
263399 64515 443
918850 67590 525
40587 230824 443
112374 207074 383
393734 284719 441
359003 414693 449
562614 709647 509
601214 427803 470
373923 869873 525
404891 883950 525
424327 536666 470
157158 537877 470
312836 494525 449
921418 507636 525
108226 679401 509
128076 181952 383
622328 325009 470
496616 50326 449
450910 259365 449
487242 404744 449
162128 686289 509
320077 341467 384
268846 717735 509
46342 345318 443
921618 12805 525
565897 410688 470
738451 7832 509
65426 951310 525
549460 119055 470
348367 48801 443
717372 215062 509
587378 946272 525
908821 902606 445
216217 524594 470
554912 514219 452
841415 26718 525
555909 639477 509
838095 718157 525
397941 612084 470
124315 645823 509
36133 2491 324
100550 750110 509
889309 748955 525
33801 800206 509
300631 237631 407
589056 508592 470
324549 451319 449
490754 269895 449
367391 993004 525
453873 42895 449
317121 81444 443
84869 798794 509
613240 963873 525
330910 238128 407
801834 233557 509
291655 188224 443
383522 568971 470
446222 968878 525
350660 307996 441
98097 574313 470
480201 484184 413
914998 23681 525
360048 254181 441
798377 908261 525
978215 654704 525
736026 309314 509
289192 544155 470
302452 648425 509
821574 888018 525
579043 6112 470
916985 726033 525
613438 933222 525
141048 153978 375
53459 949306 525
530510 213518 470
552392 733587 509
113898 997426 525
867821 98640 525
45826 584000 470
215851 816908 509
708503 807026 468
308609 632500 509
19553 732056 509
656351 331725 509
226266 769083 509
753056 878036 525
429289 482157 444
954812 654211 525
562097 139026 470
735499 790786 468
427458 896380 525
963157 723316 525
671014 639695 442
906140 212512 525
622408 692037 509
946856 974487 458
911997 380005 525
969791 249858 525
433551 871870 525
439793 956239 525
912015 210616 525
546303 228392 470
901106 951855 507
452742 397147 449
763078 62163 509
147094 65133 375
458821 488848 444
209655 967310 525
525123 839938 525
855918 573011 525
787899 447460 509
424147 960246 525
976760 888209 507
62895 260331 443
447917 655301 509
86263 258519 443
943964 160292 525
204996 125188 383
124635 499350 449
262957 962297 525
43608 133136 354
386229 533131 470
710918 912012 525
668220 784517 504
605690 516061 452
567757 707051 509
845286 212898 525
758974 286149 509
837610 806485 450
305206 15045 443
261193 276275 407
160354 486833 449
393779 154235 443
120393 198972 383
345187 25147 443
340422 47322 443
823258 662835 504
353033 160984 443
689422 100058 509
39118 91091 351
881995 870857 432
945322 241339 525
883772 631798 525
37341 721217 509
435835 716687 509
981620 801171 525
121584 269917 443
950290 664757 525
45890 657976 509
559482 623678 447
888134 730178 525
469594 425968 444
328609 225896 443
11157 313757 443
351504 481042 449
519439 595534 452
631447 584358 509
321980 787999 509
359930 754874 509
459473 831348 509
728422 129704 509
661421 441826 509
308890 730544 509
577394 751715 509
886267 39328 525
266762 507255 449
863427 654808 525
391839 780378 509
607668 787237 509
28087 513747 470
307448 861353 525
789244 684095 504
542152 726710 509
873773 983968 507
408191 627646 509
205740 151850 383
761478 939472 525
441559 275553 449
727868 263847 509
27838 360846 443
877006 712963 525
719948 879790 525
926964 654020 525
68096 548363 470
888354 415961 525
851322 233408 525
333494 364964 441
879735 624585 525
334376 592042 470
405608 440166 449
766112 113202 509
678999 31149 509
651922 376224 509
906497 596353 525
301418 613172 470
170611 162477 352
140619 913934 525
953896 398203 525
380149 441933 449
679226 941982 525
909638 954605 507
408079 644510 509
974564 60571 525
104013 460577 449
159086 407769 443
231119 188507 443
529495 670797 509
257698 581887 470
732066 15084 509
237271 507322 449
756242 787351 468
223778 504822 449
137978 257177 443
591787 806869 509
740849 211923 509
886017 602179 525
83834 442536 449
2431 383521 443
417121 251881 449
178764 550026 470
911289 988159 507
403433 958118 525
451531 921145 525
852088 976588 507
548972 674071 509
373471 206563 443
201692 235636 443
718726 840574 525
362285 724961 509
111558 32175 354
448778 215441 449
611526 697961 509
339255 698874 509
818953 307445 509
516346 832164 509
544424 216391 470
148764 341165 443
553197 73875 470
414447 491237 444
179536 381347 443
734208 463746 509
665030 942772 525
771275 373681 509
787694 476664 509
864907 537317 525
113694 339522 443
