964853 907003 507
887405 284973 525
910433 499328 525
497002 415985 444
157516 796637 509
494631 748684 509
243278 922906 525
896579 573667 525
303964 73735 443
509635 804064 509
286934 514574 470
474069 357631 449
319090 705400 509
730013 458380 509
221628 854884 525
283802 933543 525
107117 275543 443
218593 358063 443
322307 476555 449
408245 247457 441
329869 351695 441
461447 616933 470
736736 763139 424
313400 962930 525
42716 246169 443
967705 713909 525
759163 758127 362
611791 344887 470
710966 970859 525
203000 759787 509
506887 253872 449
830438 891295 525
280770 851926 525
908992 162654 525
565643 813567 509
921197 137212 525
512273 158534 470
947710 242958 525
473823 352890 449
840972 44105 525
40754 707798 509
397395 190650 443
130192 864674 525
29255 18743 308
312971 380480 441
939648 759025 525
236831 630941 509
730979 244156 509
122922 913057 525
122111 811588 509
528075 248857 470
853580 920863 476
787026 279382 509
775347 790465 437
672957 588369 509
589540 245748 470
216621 324504 443
486110 293901 449
452931 803187 509
537274 842390 525
669599 762968 504
132283 26937 354
19492 948983 525
994199 933789 507
24884 70682 340
123794 611384 470
696369 360508 509
260166 977774 525
328600 800903 509
856594 35344 525
231206 728891 509
891505 805977 525
984050 715548 525
961184 980702 458
485635 926890 525
355222 621307 470
799149 620835 509
359167 710047 509
193037 174954 365
836917 191248 509
774784 140616 509
994094 965063 458
618395 621933 372
29102 651897 509
310415 832108 509
396934 639271 509
726699 14952 509
426722 638059 509
946225 406092 525
359365 713047 509
385087 297240 441
298702 243476 407
152923 24731 375
32718 22835 308
148897 950535 525
905477 614014 525
41691 447492 449
7936 361355 443
73467 454442 449
546380 974580 525
415977 755939 509
829741 929697 525
63366 362411 443
970507 992542 458
6929 322473 443
539978 151101 470
486559 686568 509
246166 85548 443
467164 688321 509
193505 995808 525
349458 377244 423
692121 991643 525
759446 609914 509
603095 889274 525
221811 614608 470
602016 663443 509
395767 492225 449
240948 734944 509
381276 781603 509
744751 743370 318
678149 647277 442
959198 297624 525
701148 310044 509
214107 376223 443
697519 156129 509
635955 115926 509
581963 155013 470
675089 906144 525
986947 130671 525
603 75948 340
898310 262767 525
732399 632791 504
937533 553772 525
413334 453416 418
924360 983841 507
598942 698257 509
950094 957465 414
875352 132340 525
165989 937045 525
100337 883057 525
44906 471640 449
371261 577296 470
454976 726587 509
580937 197283 470
545674 108434 470
599799 879705 525
30140 33469 285
643946 245123 509
703679 252139 509
392798 981573 525
881679 832129 525
247854 566977 470
93239 758155 509
313444 199878 443
669953 688654 398
8927 191546 383
834500 279325 509
804039 534979 509
291689 236359 407
325215 77204 443
460098 587745 470
922345 271019 525
438236 854829 525
340147 339399 366
644750 668387 442
211415 341225 443
375275 561090 470
755624 426676 509
255300 145777 443
668774 346688 509
357553 152788 443
673174 21299 509
128939 548057 470
209447 483775 449
283733 307040 389
17124 96934 351
296856 179999 443
547352 66899 470
346475 220273 443
62259 683441 509
531047 439382 470
849916 523781 525
770694 665720 504
750475 264311 509
899873 25021 525
869162 323614 525
942929 959528 414
579907 537911 452
689916 972943 525
23684 466320 449
155567 304128 443
948495 834414 525
663104 314114 509
872676 399866 525
719211 789410 468
409480 803532 509
548978 540554 452
962557 781758 525
259315 516227 470
145160 778840 509
435425 124599 449
388013 432336 449
25271 108671 354
231111 360015 441
155158 366527 443
446770 237596 449
683349 77807 509
515735 552370 452
857510 449765 525
874208 530167 525
208090 939537 525
225730 908151 525
856532 132302 525
430048 455108 400
603343 470855 470
57444 449029 449
114789 787939 509
979118 335203 525
424056 688562 509
179927 461312 449
337162 51379 443
981375 182488 525
617369 325527 470
807051 598529 509
123560 877007 525
865487 297649 525
108044 954373 525
476527 23576 449
78834 585378 470
296568 692571 509
329069 99402 443
568265 562484 421
821478 622121 509
494063 972298 525
777924 694584 504
624820 954845 525
221642 920015 525
306594 508488 449
978836 173488 525
898527 10531 525
857628 196479 525
617090 551087 447
808263 541518 509
244584 443200 449
236799 532035 470
242207 979482 525
96962 812658 509
172882 866481 525
559403 495653 470
453462 61254 449
448281 630550 509
597807 472623 470
99411 953698 525
52592 872046 525
405013 373381 436
198541 495705 449
158426 707757 509
435274 648374 509
907528 176655 525
506857 521696 470
967582 57771 525
743277 146753 509
291856 362320 441
968901 494474 525
377689 860658 525
657637 861906 525
459204 562086 470
261454 204852 443
739800 333670 509
327404 573692 470
802914 30325 509
434572 666802 509
79780 936986 525
127271 520935 470
591641 255145 470
11315 743550 509
25491 480356 449
126482 913425 525
296832 613114 470
932496 899327 476
407587 882476 525
600601 26430 470
564702 962969 525
10662 417593 449
621916 211954 470
130984 880105 525
751730 891905 525
452748 450289 387
348024 9289 443
402287 763709 509
64046 396608 443
794030 738544 468
941268 329004 525
260448 723274 509
833647 766611 468
950994 999805 458
981542 857260 507
386122 962105 525
853576 986909 507
188034 908938 525
