229575 129348 386
446267 874589 525
216860 980680 525
500796 914233 525
345633 33076 443
337863 574391 470
403556 594941 470
880103 894226 445
608804 182740 470
944797 752930 525
359581 222843 443
379250 832741 509
444823 682131 509
877326 843763 432
211634 654782 509
804453 133637 509
462722 699992 509
72472 699741 509
849917 636414 525
920305 452599 525
931067 130021 525
796770 240814 509
227280 224345 368
554791 837935 525
889252 319875 525
372497 299799 441
46559 578145 470
236449 550045 470
930485 459503 525
967454 68108 525
308261 97479 443
554300 56992 470
57924 290182 443
826784 463998 509
898885 313361 525
697560 800531 504
455419 542026 470
233490 297562 407
264611 812726 509
985913 915753 507
345574 248772 407
551565 118298 470
763737 259726 509
380698 496910 449
140835 109899 349
799830 867807 525
299169 614544 470
101412 528560 470
251596 891127 525
469767 680011 509
112075 755892 509
735892 947886 525
672932 880949 525
235633 576219 470
353495 258520 441
971452 135597 525
310709 37354 443
829050 990328 525
1112 693442 509
615404 583106 447
997951 980766 440
560836 495020 470
265890 988651 525
991896 812617 525
695101 392431 509
190396 465303 449
982206 150444 525
884421 695879 525
77641 360487 443
304132 110988 443
73776 622063 470
21138 821538 509
260054 933787 525
705587 993528 525
281033 920362 525
902621 709518 525
667250 496294 509
748735 76639 509
335365 36504 443
98122 257765 443
627814 56008 509
514332 330633 470
68394 740041 509
641627 453356 509
866909 350946 525
777542 563466 509
566709 818217 509
283305 743641 509
591936 627436 509
234549 805055 509
294727 603362 470
339808 709714 509
90795 617307 470
607656 287217 470
942935 463119 525
983807 343357 525
166450 935500 525
811946 126455 509
38093 891278 525
722337 387961 509
893205 729806 525
184319 157876 370
277411 937136 525
132559 867996 525
216902 413701 449
14395 309118 443
901896 62776 525
608601 720546 509
