497030 795836 509
824463 419127 509
60837 999407 525
894124 299045 525
834838 84565 509
796871 465998 509
286447 561539 470
974937 367382 525
76901 285792 443
370669 252920 441
507131 629086 509
778298 613718 509
39053 648415 509
474724 126578 449
318202 366464 441
81081 684519 509
964493 63410 525
650872 208748 509
894902 172258 525
180617 457783 449
95232 968539 525
95407 976246 525
567668 750088 509
774472 658790 504
646670 613716 509
850785 143927 525
997789 253041 525
843953 398029 525
392356 425302 449
667063 401488 509
785512 864912 525
685865 807094 504
315935 457627 449
302609 804893 509
592600 431570 470
487054 198320 449
37332 170016 383
283610 873168 525
111390 5705 354
86269 423935 449
970197 17581 525
391921 691366 509
462387 418254 444
817869 360528 509
417644 594095 470
400767 570474 470
852407 239779 525
581920 694601 509
63313 315198 443
827849 65051 509
575316 745075 509
535179 434983 470
564788 880229 525
725372 399371 509
687386 744305 504
47548 827897 509
206408 975 383
776528 602861 509
939310 393917 525
818482 600460 509
818486 135593 509
217975 905602 525
796894 350654 509
297910 708388 509
419988 216012 449
357827 194687 443
632471 881916 525
806184 13700 509
291686 607086 470
708708 582211 509
419059 795767 509
997609 568188 525
436823 785767 509
5373 385678 443
509293 303858 449
562054 428453 470
636331 478607 509
626452 71599 509
331173 180562 443
309205 178269 443
555613 245842 470
189841 963071 525
82646 831590 509
29970 584066 470
609931 750356 509
341263 762113 509
757065 135371 509
779584 59314 509
545442 199804 470
5539 187543 383
81549 170481 383
476935 863587 525
942890 700166 525
620098 279168 470
200270 192403 360
964637 212090 525
101006 509032 449
120262 169092 383
184719 472895 449
924396 721416 525
6636 426871 449
695816 370892 509
702957 865247 525
292196 867354 525
348626 814601 509
588436 887462 525
429903 208715 449
67818 380471 443
782517 975703 525
449455 688312 509
30669 935400 525
663261 755301 504
903040 891194 401
27542 357081 443
798996 492877 509
184554 298897 443
631493 545717 509
205797 960067 525
282811 445825 449
291516 394526 441
974981 333043 525
657812 436546 509
478928 369958 449
529996 906303 525
364595 279255 441
642212 61654 509
428946 901545 525
281108 900530 525
29527 71908 340
705222 782630 468
298348 555774 470
722005 109531 509
114171 133432 349
310784 479194 449
270858 177270 443
442725 813756 509
495240 227076 449
667754 448825 509
840073 136025 525
613622 67951 470
505918 333658 449
273717 667753 509
330400 632043 509
847944 447149 525
24091 787408 509
944941 628414 525
729336 721960 411
154058 738294 509
631685 909195 525
352019 804171 509
163123 930935 525
621867 253255 470
802146 625402 509
330701 42074 443
597798 563086 434
737967 689016 504
323071 810740 509
487480 434433 444
597686 73757 470
474033 710844 509
411061 343291 449
869440 470010 525
223353 116893 386
543009 684183 509
225788 110036 386
717911 515571 509
401052 130807 443
467612 231078 449
740334 451177 509
575449 928625 525
345708 575621 470
355676 536904 470
174819 781521 509
265686 352095 441
869452 185655 525
526886 583188 452
450353 377196 449
515573 991717 525
657749 850056 525
385415 732282 509
370348 566011 470
239547 926955 525
845147 984946 507
183006 339706 443
486217 809705 509
755162 756201 362
472684 510358 426
567025 319900 470
854481 416402 525
449701 127041 449
658963 795253 504
58027 841209 525
142345 871513 525
667312 952378 525
566968 183911 470
851340 575840 525
788735 25415 509
836197 363197 509
498602 966938 525
587235 180609 470
177863 626134 470
105377 698722 509
699015 910220 525
984184 934232 507
32322 935365 525
10579 84792 351
702744 705065 504
479746 706962 509
482768 416073 444
938761 401200 525
303682 952831 525
273620 688335 509
521202 729968 509
410824 688797 509
480927 547332 470
417385 548820 470
794884 533148 509
452010 297133 449
862536 568275 525
845467 961147 507
947928 808169 525
569566 323413 470
559205 49041 470
491858 657101 509
967586 720839 525
107157 143572 375
449917 232059 449
887115 445549 525
242266 240013 368
995590 86213 525
251591 175092 443
880191 867503 432
288316 8668 443
169371 550222 470
954754 821673 525
379599 413978 449
352596 204539 443
168618 116829 383
457278 899016 525
258462 482443 449
347876 378609 423
695878 456886 509
478194 256644 449
817973 497634 509
828095 509710 509
147367 84167 375
83647 509039 449
453803 872524 525
960500 763540 525
388163 255444 441
406985 95600 443
419963 735215 509
701708 694369 411
290898 568146 470
395048 121162 443
834695 597544 509
634715 877707 525
807457 56362 509
662659 590389 509
322885 391185 441
173889 212233 373
593239 835978 509
787370 899298 525
939538 547022 525
94971 379240 443
453498 599735 470
626485 697213 442
268868 43576 443
597125 197913 470
131292 512973 470
488387 482419 382
843498 600269 525
354062 864681 525
206585 310861 443
240212 544799 470
278340 441311 449
261258 314965 407
126019 647877 509
683888 118744 509
763645 305979 509
836329 195561 509
632898 339 509
782584 859599 525
811801 631075 504
479560 185979 449
116911 672742 509
569586 6954 470
402364 81359 443
51638 656993 509
653117 708710 504
821644 848023 525
919885 853702 476
475614 904691 525
749743 757325 424
828813 344442 509
529054 430788 470
320137 448310 449
74307 195622 383
842818 35707 525
881687 710099 525
