288762 440709 449
377514 205556 443
410694 678787 509
139013 528676 470
978213 650548 525
817129 924355 525
827408 953377 525
319576 432185 449
403494 794269 509
321092 585572 470
154802 655153 509
520977 444655 470
444221 981132 525
1844 360532 443
419294 670006 509
994552 194971 525
705009 40841 509
292741 759764 509
487420 389999 449
280157 311232 389
541621 204998 470
34888 37876 324
24138 599684 470
256897 613001 470
397723 558646 470
828680 49151 509
685573 134467 509
663641 287492 509
362402 828294 509
122708 182814 383
581350 2401 470
686986 803626 504
108605 322831 443
762686 256840 509
291678 910827 525
464311 567835 470
622657 93752 470
973057 499237 525
974338 389272 525
599600 575537 434
385007 631076 509
993939 995693 365
346730 950001 525
39668 562187 470
912369 661386 525
846049 232499 525
578143 977637 525
908459 407799 525
821403 864377 525
946288 613654 525
377391 289251 441
147070 798862 509
824103 574341 509
546619 81062 470
810986 556331 509
57157 401541 443
315037 782968 509
218912 216721 342
636990 30028 509
95375 50080 351
460607 9900 449
858396 455810 525
189717 261103 443
516513 704305 509
950474 857410 507
928393 289591 525
100426 755961 509
712986 180142 509
821315 315647 509
918973 587012 525
389172 760194 509
348318 907046 525
13058 134828 354
242195 413945 449
712974 611024 509
632308 216261 509
567760 830789 509
36591 978938 525
805437 350071 509
335494 913797 525
631277 140314 509
603545 584403 403
393008 537837 470
390608 142053 443
667889 992629 525
448225 712142 509
123013 461317 449
178656 783977 509
548032 313480 470
147726 622122 470
288618 176143 443
847282 913674 476
419291 228199 449
519076 93390 470
385897 74674 443
259084 47369 443
520818 480163 470
809771 186060 509
788139 921425 525
417526 198627 449
351323 131048 443
883475 153251 525
72561 547251 470
468100 991746 525
850802 859297 419
623569 881897 525
784587 643691 504
622417 337214 470
506148 423190 444
27183 491342 449
674839 348877 509
602847 423155 470
540817 104936 470
712373 968602 525
694002 566411 509
455401 26650 449
598681 202197 470
811108 969230 525
280723 208622 443
828481 398859 509
582255 883428 525
470712 162666 449
727692 805607 468
65179 227832 386
555429 973466 525
436421 750990 509
661064 171461 509
706763 432932 509
870871 485754 525
437717 39988 449
918386 69103 525
255012 794762 509
932258 967623 507
351082 191419 443
360174 65107 443
291064 674514 509
251490 975019 525
361846 535417 470
400300 15934 443
298419 326634 384
711044 243101 509
597769 71905 470
290347 876992 525
787769 558721 509
191621 369100 443
957020 39951 525
443093 775903 509
571293 742563 509
975246 73858 525
103217 683955 509
330269 541409 470
284093 430207 449
583978 358446 470
850162 595590 525
739751 129302 509
500412 78986 449
964379 122266 525
408960 260379 441
427351 636804 509
42299 639390 509
177909 59046 383
220143 687848 509
448354 846785 525
328369 9708 443
7394 897143 525
343484 254126 407
703957 493235 509
860326 611327 525
139728 300538 443
628137 135922 509
487771 689398 509
194895 588611 470
834963 996954 525
135776 964781 525
67542 209972 383
998821 387253 525
241951 949485 525
539376 580513 452
587244 568770 434
34598 715015 509
770675 638155 504
470294 12718 449
824698 83271 509
174577 138765 383
181449 767803 509
36320 69305 340
589887 367449 470
791106 821697 468
301129 968707 525
983331 160906 525
799102 944289 525
120378 154674 375
526493 306349 470
223227 240104 443
510093 919407 525
447611 285564 449
524947 666734 509
700790 984372 525
453374 907163 525
211252 800507 509
792718 333659 509
822129 601630 509
844839 650692 525
373827 60990 443
980679 324345 525
917365 887327 476
514841 27244 470
657126 950666 525
147981 299844 443
460216 411962 418
638905 380244 509
489348 35798 449
353623 116609 443
17130 967934 525
605205 369486 470
761891 393245 509
246139 335653 407
148630 654646 509
803995 780857 468
743417 609904 509
561549 255689 470
735529 230749 509
374118 986996 525
748872 707497 424
689722 286671 509
452659 612455 470
191768 309 383
411098 996622 525
719328 730126 411
362781 646804 509
636663 309729 509
652705 113971 509
621514 282696 470
853337 538806 525
920768 942638 507
705855 746616 424
482471 829289 509
388679 561356 470
14745 443353 449
777617 797286 468
945048 342254 525
800458 926834 525
457270 709583 509
208540 994513 525
269567 952971 525
88807 949289 525
582383 878263 525
222117 201582 386
673998 512283 509
956990 876122 507
950025 702173 525
612779 928173 525
863639 206151 525
552159 18168 470
14911 108748 354
970089 798609 525
910482 42967 525
134893 57086 354
318912 882480 525
286779 980613 525
892390 278902 525
650158 658958 429
742083 662325 504
48298 828483 509
952270 97724 525
422352 773016 509
597503 695521 509
151523 244588 443
687373 111465 509
447094 244388 449
605089 39215 470
250289 513096 470
28900 498361 449
2407 619779 470
29523 151321 375
375389 609832 470
22053 844471 525
551957 274986 470
517471 61991 470
926710 242183 525
166696 5369 383
162996 243169 443
419226 567134 470
385158 122947 443
228782 554327 470
911680 372755 525
629953 135366 509
342024 232039 407
682697 633390 442
998399 693920 525
235673 469812 449
693447 69955 509
194683 273751 443
545792 122515 470
499166 916152 525
97641 156903 383
807491 501831 509
302093 880375 525
970916 158339 525
42530 281506 443
