1 10 20
100 200 125
201 210 89
900 1000 174
1 1 1
10 20 21
30 85 116
101 501 144
11 12 15
867111 372010 525
765896 983987 525
44491 378935 443
193510 508187 449
393688 67549 443
467446 136812 449
530030 682021 509
524392 69041 470
954237 465610 525
554037 723215 509
139587 394710 443
400422 717857 509
817327 209607 509
464831 849630 525
644878 224022 509
798094 619809 509
364289 215846 443
286002 983170 525
869802 207804 525
793890 319676 509
262069 647380 509
74694 211583 383
290260 629790 509
370135 529328 470
481010 55630 449
99807 671670 509
694446 459998 509
433752 366059 449
589893 647465 509
309049 650791 509
688576 935565 525
536274 537241 377
56238 930343 525
413401 950887 525
157109 713462 509
292178 513110 470
954201 567239 525
52285 328594 443
345561 88453 443
753933 403210 509
312368 465763 449
439820 491168 444
841330 427666 525
52441 114843 354
799775 722803 468
199049 135409 383
865576 136860 525
52338 270952 443
37453 587503 470
177993 215453 373
800963 387634 509
52015 603583 470
449989 808543 509
273911 154284 443
375908 368365 392
83182 22972 351
812185 946671 525
108198 683120 509
783814 445533 509
638857 995737 525
580036 726167 509
632334 662222 429
685199 894104 525
438223 229184 449
944379 586257 525
384411 924474 525
241891 631301 509
29427 811117 509
684029 610492 509
45569 855661 525
661928 9591 509
221301 331595 443
616424 618565 372
502818 438114 444
395832 243753 441
500561 370273 449
498718 889764 525
749722 451617 509
404715 306452 441
897745 610549 525
248388 753024 509
620342 287738 470
734611 436941 509
110706 297346 443
864133 939587 507
235187 389075 441
401039 741698 509
785447 661624 504
253380 466436 449
411120 651513 509
942316 345197 525
707455 767655 424
464230 972684 525
992928 820327 525
334653 593359 470
977966 865070 507
946239 132142 525
457870 829938 509
220388 539268 470
655205 678668 442
886660 959981 507
361258 424104 449
637545 84268 509
335458 550702 470
993523 234828 525
273644 721691 509
227497 304501 443
778303 562102 509
600878 94639 470
24665 54405 340
264987 365310 441
564019 575288 421
707791 364820 509
843755 18885 525
350019 322258 441
203315 794741 509
614039 93733 470
798285 567644 509
955721 626838 525
581224 601620 434
332695 536809 470
708751 231659 509
460123 227271 449
214391 218055 386
139120 205810 383
608315 585196 403
579420 629308 509
222499 185447 386
357955 422075 449
194143 136101 383
684584 376588 509
527912 857057 525
8400 124038 354
598699 547510 434
91186 943295 525
643970 985438 525
783220 141660 509
977272 789635 525
806256 858903 525
108950 653686 509
393452 389952 361
219769 638081 509
137852 927263 525
633689 209233 509
997527 281320 525
733391 786122 468
746675 407856 509
590082 659778 509
719382 125667 509
274269 79860 443
213705 174466 373
926673 192217 525
711632 599962 509
921370 664178 525
582936 238007 470
544204 732896 509
485957 983305 525
773257 282514 509
484224 943312 525
873805 597142 525
645367 915560 525
450470 711802 509
30434 115825 354
727126 194012 509
693312 88777 509
912396 817227 525
925251 76523 525
939522 470477 525
189115 569311 470
614339 900316 525
107715 442204 449
593118 585601 403
478141 396253 449
689842 871580 525
745000 778992 468
368362 396136 436
827695 592258 509
768224 49303 509
847985 451880 525
126620 89925 354
819951 43714 509
379711 103740 443
814001 157253 509
779017 269107 509
969036 519949 525
947568 114291 525
220297 900633 525
467342 875093 525
815261 291890 509
647126 877016 525
559070 439160 470
701084 731835 504
794592 216703 509
470221 176714 449
752451 10117 509
500607 341034 449
64903 921917 525
410363 500138 444
950083 124843 525
658909 526641 509
887223 202687 525
67327 727096 509
611733 734887 509
888953 460456 525
632873 650848 416
709066 997315 525
708429 234557 509
295898 85652 443
582345 335911 470
67204 15325 340
531720 170508 470
990282 486745 525
111116 794704 509
479430 957364 525
437698 862204 525
28138 283370 443
725285 466048 509
905277 777666 525
58247 972119 525
541750 962552 525
738178 49291 509
527945 106669 470
76613 131842 354
626670 217960 509
533822 763090 509
