1 10 20
100 200 125
201 210 89
900 1000 174
415 3 144
821 680 171
959 68 179
292 295 118
712 353 171
932 744 179
547 193 144
951 423 179
81 778 171
249 897 179
370 908 179
680 1000 179
427 691 145
9 439 144
953 403 179
490 409 142
244 932 179
126 828 171
863 248 171
415 305 144
26 323 131
577 576 31
482 125 144
453 458 129
955 43 179
178 172 81
772 592 171
852 370 171
526 96 144
184 414 144
821 328 171
236 751 171
388 984 179
105 192 125
650 114 145
762 633 171
833 270 171
506 238 144
630 961 179
580 564 119
497 897 179
547 399 142
669 551 145
517 59 144
969 456 179
527 438 142
347 879 179
665 822 171
287 620 144
662 157 145
7424 7709 208
8605 1082 262
6158 7422 262
8113 5847 262
6404 7464 257
4664 5823 236
4779 9707 262
1730 1417 180
3531 1962 217
2592 3626 217
6671 9146 257
529 1717 182
23 6637 262
250 3365 217
8294 7982 190
9174 7652 252
7471 5605 262
3147 1489 217
6346 5439 262
299 2779 209
8198 6362 257
2569 6404 262
6150 3689 238
807 4195 238
2930 6465 262
5086 1902 238
1501 5382 238
6736 7165 257
8271 5828 262
1472 6744 262
5041 2645 238
8164 8567 234
3729 7265 262
5251 5953 236
2500 2052 209
4304 4353 184
9501 6398 260
3113 8717 262
1760 6646 262
229 1876 182
488 8686 262
8627 8461 203
7378 3882 262
5833 4043 236
3290 4682 238
6638 7610 257
7782 9288 260
2255 8144 262
3416 6434 262
255 8815 262
650389 226140 509
61087 871133 525
333571 364577 441
103730 831112 509
243987 504753 449
639857 547119 509
725898 320844 509
304695 602923 470
203558 93217 383
339148 600391 470
365593 764995 509
43655 552595 470
425719 839100 525
831710 28269 509
774883 942027 525
888188 75745 525
427982 38076 449
111756 359469 443
436629 215549 449
148653 475685 449
496012 974967 525
504984 365615 449
404321 294295 441
302049 840261 525
920096 842996 476
540250 378896 470
210911 673105 509
470440 923595 525
120716 757988 509
639174 836874 504
968096 73951 525
259044 843792 525
95872 313354 443
140613 624865 470
48432 470915 449
801286 676802 504
390718 345635 441
636501 140346 509
2774 885388 525
775195 559055 509
739670 840971 525
336288 718174 509
852252 588567 525
457060 86924 449
615110 614131 447
735892 441713 509
794877 601830 509
88632 852203 525
664725 712257 504
178422 54750 383
5033 649672 509
12341 744998 509
14102 788054 509
5374 873521 525
5923 835685 509
6598 815414 509
2934 847041 525
2271 963487 525
13898 901368 525
17967 649953 509
13181 719655 509
19493 874363 525
4874 672335 509
4295 895879 525
9634 661173 509
2497 824159 509
4592 861948 525
1807 966141 525
14223 962729 525
1311 989237 525
4347 677626 509
5472 773889 509
3492 719167 509
14105 635142 509
11344 637851 509
4277 880546 525
5102 679552 509
10921 770195 509
7472 715415 509
8991 990520 525
3863 617380 470
4502 709249 509
19913 851379 525
14044 949078 525
16822 850024 525
1551 829285 509
2389 741701 509
18178 974882 525
3423 669019 509
19964 756029 509
11059 629257 509
3071 899906 525
9520 986111 525
4336 829859 509
457 917952 525
16902 728173 509
11768 957303 525
11049 633771 509
4973 969069 525
1273 786716 509
16089 61284 340
14047 95378 351
7925 22462 279
13621 84441 351
5584 86090 351
3870 90084 351
9833 96494 351
3667 40519 324
7618 24918 282
16652 80963 351
8167 75187 340
8680 89502 351
16663 98607 351
12410 95959 351
15420 72435 340
16474 79602 351
4338 74079 340
4708 63494 340
17369 20835 279
9219 92311 351
