1 4001 238
4001 8001 262
8001 12001 268
12001 16001 276
16001 20001 279
20001 24001 282
24001 28001 308
28001 32001 285
32001 36001 324
36001 40001 306
40001 44001 288
44001 48001 314
48001 52001 309
52001 56001 340
56001 60001 322
60001 64001 335
64001 68001 312
68001 72001 325
72001 76001 325
76001 80001 351
80001 84001 320
84001 88001 333
88001 92001 333
92001 96001 328
96001 100001 328
100001 104001 341
104001 108001 354
108001 112001 323
112001 116001 349
116001 120001 336
120001 124001 336
124001 128001 331
128001 132001 344
132001 136001 344
136001 140001 331
140001 144001 375
144001 148001 357
148001 152001 370
152001 156001 352
156001 160001 383
160001 164001 370
164001 168001 352
168001 172001 334
172001 176001 347
176001 180001 347
180001 184001 365
184001 188001 347
188001 192001 360
192001 196001 360
196001 200001 329
200001 204001 342
204001 208001 373
208001 212001 355
212001 216001 373
216001 220001 386
220001 224001 355
224001 228001 368
228001 232001 443
232001 236001 381
236001 240001 350
240001 244001 368
244001 248001 350
248001 252001 350
252001 256001 363
256001 260001 345
260001 264001 407
264001 268001 345
268001 272001 407
272001 276001 358
276001 280001 389
280001 284001 358
284001 288001 376
288001 292001 389
292001 296001 358
296001 300001 371
300001 304001 371
304001 308001 340
308001 312001 371
312001 316001 384
316001 320001 353
320001 324001 371
324001 328001 384
328001 332001 353
332001 336001 353
336001 340001 366
340001 344001 353
344001 348001 441
348001 352001 379
352001 356001 379
356001 360001 379
360001 364001 410
364001 368001 361
368001 372001 392
372001 376001 361
376001 380001 423
380001 384001 379
384001 388001 348
388001 392001 436
392001 396001 405
396001 400001 374
400001 404001 387
404001 408001 405
408001 412001 449
412001 416001 374
416001 420001 387
420001 424001 418
424001 428001 374
428001 432001 343
432001 436001 387
436001 440001 400
440001 444001 356
444001 448001 338
448001 452001 387
452001 456001 369
456001 460001 356
460001 464001 444
464001 468001 413
468001 472001 382
472001 476001 382
476001 480001 382
480001 484001 413
484001 488001 382
488001 492001 382
492001 496001 426
496001 500001 395
500001 504001 426
504001 508001 382
508001 512001 470
512001 516001 395
516001 520001 439
520001 524001 364
524001 528001 408
528001 532001 377
532001 536001 377
536001 540001 377
540001 544001 408
544001 548001 452
548001 552001 377
552001 556001 421
556001 560001 346
560001 564001 359
564001 568001 421
568001 572001 377
572001 576001 372
576001 580001 390
580001 584001 434
584001 588001 372
588001 592001 403
592001 596001 328
596001 600001 372
600001 604001 403
604001 608001 372
608001 612001 403
612001 616001 447
616001 620001 372
620001 624001 372
624001 628001 509
628001 632001 341
632001 636001 416
636001 640001 354
640001 644001 416
644001 648001 341
648001 652001 385
652001 656001 385
656001 660001 429
660001 664001 323
664001 668001 442
668001 672001 336
672001 676001 385
676001 680001 380
680001 684001 380
684001 688001 398
688001 692001 442
692001 696001 367
696001 700001 367
700001 704001 411
704001 708001 504
708001 712001 380
712001 716001 411
716001 720001 380
720001 724001 411
724001 728001 362
728001 732001 380
732001 736001 424
736001 740001 424
740001 744001 393
744001 748001 362
748001 752001 393
752001 756001 424
756001 760001 362
760001 764001 380
764001 768001 468
768001 772001 393
772001 776001 437
776001 780001 437
780001 784001 362
784001 788001 375
788001 792001 406
792001 796001 437
796001 800001 468
800001 804001 406
804001 808001 406
808001 812001 406
812001 816001 375
816001 820001 450
820001 824001 450
824001 828001 419
828001 832001 419
832001 836001 388
836001 840001 525
840001 844001 388
844001 848001 419
848001 852001 357
852001 856001 419
856001 860001 375
860001 864001 357
864001 868001 388
868001 872001 432
872001 876001 432
876001 880001 401
880001 884001 370
884001 888001 445
888001 892001 370
892001 896001 370
896001 900001 370
900001 904001 401
904001 908001 445
908001 912001 476
912001 916001 401
916001 920001 432
920001 924001 445
924001 928001 476
928001 932001 383
932001 936001 414
936001 940001 507
940001 944001 383
944001 948001 383
948001 952001 414
952001 956001 414
956001 960001 352
960001 964001 414
964001 968001 365
968001 972001 458
972001 976001 383
976001 980001 383
980001 984001 427
984001 988001 427
988001 992001 352
992001 996001 365
996001 999999 440
