221693 967726 525
787696 564300 509
909235 26668 525
473477 572112 470
442890 835890 509
652529 836405 504
894043 563051 525
392610 709887 509
923446 417623 525
811819 756462 468
494546 465247 426
827542 900708 525
9174 749283 509
591943 530760 452
846746 246900 525
191723 361287 443
463076 883453 525
356668 612849 470
376159 431643 449
921528 741395 525
546660 568864 452
173022 230286 386
944387 436989 525
941914 374331 525
835343 317142 509
951525 979446 458
931305 621986 525
822673 207810 509
666014 977771 525
347504 416875 449
910852 279762 525
169816 56225 383
387072 167177 443
626807 523952 509
772331 478516 509
27743 510846 449
480222 251431 449
192300 580334 470
245949 510429 449
713204 651477 504
408014 945400 525
48999 581872 470
279024 740305 509
473011 720147 509
333548 63018 443
608013 632250 509
313487 757815 509
367771 160022 443
406001 321608 441
542313 996752 525
574284 966315 525
904138 578080 525
935096 772952 525
254029 299239 407
587894 861607 525
73317 603298 470
224060 834287 509
436245 667788 509
139736 385710 443
219036 56405 386
283249 873776 525
801342 813342 406
997706 129680 525
98577 558120 470
381869 300594 441
672928 561021 509
768311 339726 509
892467 7115 525
621861 903469 525
545927 708372 509
577964 360005 470
879063 358711 525
268916 571210 470
428117 23301 449
926313 812252 525
603928 518462 452
430729 232092 449
671048 230982 509
587853 151140 470
192782 593387 470
715581 673163 504
102430 947669 525
866945 765537 525
537371 566440 452
383308 985061 525
92026 498977 449
481582 663475 509
120488 707841 509
939381 561724 525
43860 877278 525
123033 307963 443
748325 918241 525
532421 962758 525
564892 433005 470
982972 547993 525
431125 841660 525
793649 365915 509
82079 413618 449
886293 906197 445
486747 577492 470
468828 697514 509
338279 838037 525
78262 193665 383
12054 179276 383
57698 329075 443
186889 428059 449
820478 58144 509
42350 171866 383
628463 968124 525
242537 346218 441
62127 385788 443
206147 785093 509
355669 125346 443
739526 492579 509
206539 414016 449
800786 520717 509
15435 179833 383
53165 48231 340
379650 120688 443
127568 511261 449
989668 536627 525
737192 533465 509
883864 404945 525
82912 987218 525
742271 673832 504
289304 200452 443
552162 146553 470
647795 262893 509
927788 238370 525
177768 713624 509
980612 760301 525
711688 806990 468
131781 487897 449
417419 922521 525
628777 721672 504
638856 282092 509
520429 376483 470
637231 868328 525
516122 750908 509
758802 599564 509
422675 662268 509
554940 884232 525
644628 796994 504
93830 180542 383
76752 963150 525
906656 185711 525
981951 175580 525
853532 990379 507
306108 228129 443
329473 423461 449
719192 558557 509
340584 86152 443
494186 404594 449
28867 893172 525
621823 968837 525
221038 238962 443
796314 296596 509
841063 221645 525
983166 933041 507
361751 528280 470
109845 910794 525
998941 970088 458
545825 9173 470
62505 684637 509
269578 313469 407
197423 618086 470
228153 747207 509
918517 768689 525
54088 72891 335
925965 315529 525
104886 569891 470
596246 249472 470
781258 995754 525
512800 524622 439
75715 622121 470
402604 852689 525
957576 313522 525
694403 295871 509
615926 678555 509
120873 804612 509
613430 584651 403
136364 801582 509
129964 8619 354
806089 296509 509
378505 709456 509
200260 843307 525
611557 566649 434
80714 941812 525
777918 304426 509
924002 4901 525
820537 97999 509
861036 866376 388
859626 639067 525
638918 227953 509
160777 742182 509
511829 943151 525
13627 158374 383
795600 685933 504
384472 411227 449
119077 526926 470
613642 984398 525
338981 749129 509
625585 744624 509
484734 789070 509
69751 613817 470
419260 82278 449
308701 12719 443
761319 309807 509
717539 10852 509
578086 29382 470
363349 570716 470
312232 655040 509
914087 309243 525
250094 748440 509
600113 778423 509
674261 87698 509
172573 73324 383
502169 507653 382
545915 776129 509
642165 571043 509
437180 495355 444
524662 848619 525
557661 48067 470
947102 694186 525
75151 395225 443
654510 812299 504
749493 661787 504
100902 171367 383
814030 155166 509
801340 828108 450
530515 947838 525
583564 62729 470
205622 572260 470
282394 999756 525
651250 881180 525
379383 797624 509
387554 324968 441
606378 595619 403
462848 517198 470
975163 717005 525
666475 729104 504
888728 994644 507
98544 689457 509
99787 721107 509
5089 226668 386
485897 315595 449
747169 840423 525
801801 909351 525
984310 54799 525
183171 684951 509