1 10 20
100 200 125
201 210 89
900 1000 174
1 999999 525
504132 193797 449
126685 165694 383
601627 333576 470
187411 593887 470
951932 145123 525
446479 591619 470
780014 826984 468
971033 125420 525
472574 885563 525
19757 154287 375
965312 172435 525
909510 723072 525
186969 836712 509
252344 460289 449
456413 22750 449
459196 872802 525
269558 86934 443
813670 287031 509
405834 868773 525
486729 465960 413
978911 831183 525
325633 289345 384
276530 386654 441
524135 535787 408
732034 857643 525
683039 408654 509
464180 984964 525
841137 193172 525
181975 155293 383
115187 508820 449
990149 847265 507
187853 86287 383
189492 323691 443
948303 66787 525
622139 80979 470
173115 161012 352
620328 162356 470
606152 874604 525
582031 885750 525
11094 348245 443
56444 465034 449
523762 150807 470
202430 826867 509
187065 738050 509
865667 148281 525
567863 500265 470
955587 217941 525
871270 861136 388
290897 826336 509
996971 395980 525
232785 893202 525
721285 545228 509
464162 103282 449
387631 12303 443
815968 36722 509
745073 492204 509
357028 635048 509
714012 767071 424
425437 628499 509
93624 390909 443
385403 136353 443
893974 266663 525
786624 738524 468
722102 721562 367
297625 525664 470
586119 3362 470
34116 437173 449
61309 279024 443
368996 223133 443
340115 192479 443
886724 58505 525
983976 966266 458
401839 534179 470
727929 407239 509
499618 2979 449
574569 290242 470
82505 578289 470
176583 673000 509
33523 2904 308
293233 104205 443
505551 632946 509
687132 668060 398
982282 923981 507
651055 931042 525
450103 359770 449
559122 420231 470
83102 255707 443
44572 976519 525
559209 571251 421
979103 61935 525
381013 570016 470
925421 303206 525
16118 510566 449
21661 577369 470
682180 921531 525
386714 487209 449
221969 502057 449
626501 667134 442
629179 849214 525
311191 998646 525
524529 573958 452
790302 548501 509
131415 990461 525
288189 224884 443
157466 371762 443
116718 734372 509
725773 367964 509
22338 136515 354
699664 181316 509
242724 12173 443
817475 794350 468
841850 626182 525
248078 130762 443
462542 594820 470
97179 878867 525
935176 879763 476
518370 22086 470
709911 362478 509
8829 848580 525
178124 791161 509
145478 729663 509
610587 855581 525
138959 411846 449
710648 715559 411
288490 503376 449
642110 878517 525
146659 449212 449
577032 929867 525
733267 704604 504
364949 50359 443
323498 302692 384
625782 947401 525
234280 647908 509
360809 220638 443
915443 543564 525
921903 712040 525
300409 706095 509
911007 27058 525
776538 172006 509
202109 83194 383
6017 590661 470
921151 468376 525
227863 890154 525
684977 551921 509
171722 505783 449
882877 435932 525
124729 705319 509
804201 780418 468
344335 859197 525
248739 611417 470
598396 864187 525
380070 953517 525
735324 707118 411
668276 372857 509
214091 891148 525
647057 786814 504
294441 37415 443
577273 177694 470
223486 468327 449
167113 815274 509
453497 81693 449
628837 118962 509
865676 426569 525
621777 770265 509
747177 935562 525
507696 163085 449
176724 520705 470
713638 864888 525
954569 508602 525
90545 209883 383
336888 319798 384
100343 722718 509
830108 12447 509
796978 705932 468
628887 127181 509
23726 679868 509
147553 499914 449
437517 468921 444
191770 779064 509
413777 410385 374
587573 882763 525
374983 126253 443
319876 544652 470
112233 41386 354
180489 529559 470
275429 831815 509
91483 326755 443
204909 31157 383
567366 226944 470
755808 457929 509
318234 722849 509
43153 446156 449
322189 980024 525
115812 931432 525
510480 760641 509
33211 204433 383
17467 937360 525
948483 399494 525
71086 618930 470
301541 64918 443
494596 704326 509
755256 266529 509
335858 861210 525
959571 461944 525
154640 379432 443
675629 26099 509
912399 534854 525
459443 31137 449
44449 860694 525
365107 641203 509
