982717 256070 525
768517 142429 509
566055 196251 470
432822 488305 444
891460 615013 525
554088 288864 470
204407 127474 383
291439 489843 449
856593 318371 525
59890 975354 525
849783 724300 525
28999 739266 509
690707 494374 509
774119 805053 468
579341 66023 470
86228 839711 525
758179 999113 525
885563 908602 445
681313 7336 509
502787 330299 449
556006 847257 525
749375 335259 509
371694 861705 525
944647 26246 525
939632 925005 507
775868 54849 509
777615 765845 468
844522 360294 525
727566 882434 525
956007 697688 525
630509 527107 509
441574 807524 509
217386 827737 509
743376 967674 525
636184 663199 429
27221 404611 443
106877 77571 354
174099 67810 383
47495 188449 383
661938 967631 525
86634 444609 449
980221 71733 525
645796 719104 504
560033 927137 525
423105 299910 449
843341 536034 525
714254 455868 509
500504 652184 509
940279 776556 525
669862 310206 509
410556 425044 418
510350 764710 509
306476 261169 407
52390 696978 509
744990 512840 509
676778 891289 525
13934 77331 351
883808 619633 525
902825 406809 525
348236 410319 449
641767 632866 416
577019 867656 525
355083 147630 443
528501 299573 470
523267 994481 525
190636 635472 509
918622 252804 525
558325 225125 470
226104 575405 470
661317 873641 525
937702 807936 525
435788 511144 444
377047 450469 449
382842 289523 441
321312 842060 525
514225 157777 470
495109 362624 449
708184 668474 504
709673 360696 509
1576 236876 443
552312 671953 509
665511 174719 509
127121 918475 525
336326 224111 443
228065 850136 525
337168 722221 509
35883 221320 386
670655 235308 509
486887 706921 509
636111 558263 509
122545 578682 470
294520 169185 443
468959 368608 449
426129 525661 470
93283 169408 383
475424 948204 525
851919 712896 525
907895 180264 525
479277 379023 449
853390 616055 525
981082 187281 525
523804 195145 470
743357 713411 424
655182 462279 509
997209 941791 458
303640 273706 389
837304 170415 509
767513 354476 509
208098 530117 470
446468 721427 509
966434 81849 525
613463 374160 470
379557 286731 441
47533 541243 470
782510 845463 525
3947 596007 470
529959 283890 470
443015 106247 449
156927 243569 443
714097 488239 509
719109 164369 509
163597 415024 449
357566 138676 443
570037 56112 470
298426 892992 525
307942 203604 443
811561 690251 504
788765 580988 509
947456 862841 507
846155 651608 525
247220 379170 441
700498 208383 509
917553 648869 525
776218 810052 468
44976 735445 509
384655 159954 443
322970 622219 470
583045 839708 525
290133 930157 525
995937 794502 525
427410 783307 509
208933 704739 509
609943 818076 509
169911 512652 470
835697 299438 509
361585 153120 443
73804 316215 443
117488 178788 383
965839 588887 525
195623 885795 525
80184 366099 443
454650 581680 470
733699 393406 509
439741 687526 509
846355 466206 525
559716 516084 452
157705 749901 509
694978 239811 509
568587 513973 452
716354 904808 525
333383 881136 525
450460 867184 525
722257 13557 509
824929 221265 509
530948 325840 470
404227 533095 470
743636 249623 509
674204 538887 509
701247 820641 504
124685 888792 525
697055 229385 509
881238 765577 525
471220 760482 509
441924 262218 449
651670 803016 504
738555 627314 504
561340 678990 509
160003 499067 449
38731 714105 509
56336 980639 525
791115 33151 509
432853 24077 449
592296 16025 470
121442 238604 443
483188 916934 525
260195 874940 525
937462 746686 525
895566 304124 525
822507 690272 504
879059 3615 525
838051 592517 525
494572 675406 509
799522 487139 509
262831 780556 509
823251 278852 509
5027 670829 509
161561 748671 509
144245 373512 443
766455 735179 424
12782 636229 509
906403 522688 525
675475 801468 504
610414 294550 470
846178 63714 525
909429 413797 525
745082 697726 504
161098 454720 449
948692 317732 525
811207 987232 525
921150 767886 525
472095 362141 449
775914 357258 509
727416 566204 509
180519 584405 470
943471 69763 525
556361 967956 525
108377 696855 509
562683 880318 525
964543 79290 525
321684 59384 443
213766 221546 386
797582 341233 509
909243 94298 525
323623 361378 441
667680 233676 509
604395 145895 470
14475 583170 470
592321 103262 470
345843 128626 443
605149 249767 470
377055 896912 525
380410 500043 449
138334 516944 470
213658 895982 525
321923 94434 443
74851 949652 525
455235 142924 449
417480 281032 449
856289 327444 525
23824 349124 443
77148 394251 443
162509 288710 443
211564 825182 509
458478 858210 525
989566 102554 525
582397 222373 470
390362 972679 525
138161 974596 525
362845 942621 525
684342 634111 442
189979 8174 383
556388 15102 470
619362 291375 470
701366 325383 509
495386 539536 470
808299 322561 509
113295 484046 449
631987 912688 525
514360 934106 525
935574 173437 525
251873 214766 443
324518 313035 371
470526 164840 449
910094 162042 525
138966 312400 443
822391 679731 504
960460 604020 525
661463 685213 442
735377 330388 509
502322 24031 449
882197 457352 525
542011 85263 470
140660 924568 525
933807 276488 525
636884 14973 509
79887 475293 449
375313 925889 525
201785 455324 449
454167 186350 449
491180 333834 449
339774 149653 443
72390 651222 509
903747 594628 525
820448 732278 468
71262 814278 509
961231 430695 525
90125 24134 351
691816 579835 509
115331 729542 509
125379 15804 354
176700 772031 509
273442 727131 509
235284 468409 449
969594 360842 525
824827 595283 509
729486 59274 509
19587 379431 443
670948 746674 504
133624 905313 525
983190 202860 525
