187 49 125
574338 496 470
18 232 128
389 278536 443
304 407 144
371 893917 525
121589 166628 383
225 791893 509
839972 78 525
468102 226 449
259306 2080 443
181 667445 509
468928 764934 509
123 333156 443
546 377 142
54176 65348 335
80 206 125
141184 632139 509
103 749174 509
226 139 125
655 407446 443
114 181946 383
219 507867 449
596 622 132
378 177 144
202 193 120
167 141476 354
50 586862 470
227669 454359 449
257 576085 470
874 139 179
380 629464 509
194 61 125
471180 430231 444
313763 159845 443
676 82545 351
264260 20542 443
356754 89 443
289 220138 386
41 805934 509
186 597632 470
119 349561 443
55080 315 340
863294 711 525
127702 71 354
8 294849 443
401388 92 443
920095 12 525
153 179804 383
916773 189 525
240 88 128
777580 3065 509
321012 190810 443
66 483 144
198 209 120
309 165 128
514882 267221 470
576679 124 470
498098 336271 449
759735 796344 468
129 592 144
639291 206 509
262077 40031 443
1716 1382 180
260390 119 443
986488 1442 525
483 185 144
216352 225660 386
428 766 171
197 785601 509
92 240581 443
1556 26777 308
314584 437147 449
742 925013 525
954980 345855 525
7 22 21
110 637849 509
180 160197 383
126 145 122
46095 227 324
677869 278675 509
146892 410103 449
15 327659 443
271 241 123
794865 170980 509
154415 628542 509
58 243 128
240 429160 449
139 343 144
643 629728 509
210 47784 324
325720 269 443
61 176125 383
444 923 179
1491 83 182
551824 211 470
153 39 122
826633 295 509
88 276657 443
450 1189 182
235 378881 443
148 215 125
30331 66141 340
773405 149 509
900421 964892 507
194642 1607 383
833212 25 509
130712 963154 525
235 137 128
14809 4311 276
223583 140440 386
946924 259207 525
412 32 144
148 151 24
192260 130319 383
42266 530 324
1174 1642 177
995 87483 351
49 192 125
379359 849879 525
12203 69 268
198503 456461 449
104827 428 351
64780 251 340
340765 309654 384
572319 380 470
223 750545 509
142 116664 354
105810 529 351
213595 548799 470
992826 83 525
608 247 144
68785 84 340
167 582833 470
178 92923 351
367900 151718 443
671754 575112 509
205 334826 443
883 123780 354
66369 569368 470
78 72564 340
565966 90621 470
1212 261917 443
233963 273417 407
671565 197 509
780219 323442 509
1770 377223 443
157 761367 509
1189 1181 151
195 112 125
27 60452 340
1576 2232 183
198528 69026 383
540 422 142
740262 338 509
652313 74 509
845 164082 383
179 172 81
715515 437 509
10 217 125
128358 504 354
271682 129 443
232 466546 449
7936 57035 340
272485 749474 509
115 5 119
742327 311 509
42 438714 449
296 981075 525
152 107 122
575 20 144
105956 753722 509
737132 120 509
162 650133 509
313793 2865 443
556092 200 470
638562 568085 509
208 276975 443
28 311 128
146 822467 509
45582 308 324
517 94 144
767426 50 509
973669 384 525
16927 437125 449
200 153 125
107 120 114
843 723 153
121 363354 443
96150 858804 525
575525 13 470
810518 560705 509
619837 1305 470
819813 225 509
695592 462 509
556463 947419 525
205367 708278 509
471 506 142
242825 126 443
666026 220 509
46 205903 383
61 262975 443
2351 41235 324
232136 298877 407
278 21 128
6 301468 443
108 190 125
1118 559901 470
270349 567644 470
931396 741774 525
77 120 119
2196 602002 470
576096 457311 470
167 192348 383
22 806672 509
72 488247 449
958171 852538 507
119 213 125
1 200529 383
168 23 122
776823 395495 509
729226 565684 509
540 232198 443
155479 590494 470
387931 475 443
710010 95 509
717660 390227 509
435282 276 449
181 564113 470
1760 801505 509
10 144 122
150 54943 340
969746 81778 525
440996 94122 449
187 241 128
411171 600829 470
149 654 145
242 258 123
874380 1619 525
216 195 120
205 780 171
933515 247 525
139144 425742 449
502 654 145
441465 632425 509
167429 279639 443
1947 350989 443
402396 919 443
194541 184148 360
48 24 112
32 411536 449
479796 51 449
484320 75940 449
399989 657 443
414 359 134
165 33 122
488602 135 449
311 818691 509
210 32 125
235 195 128
638346 863 509
127 890399 525
452206 125 449
15439 10580 276
237609 1150 443
127 334564 443
222 534959 470
134 86 122
462835 781640 509
13163 30 268
635597 495 509
194 546713 470
227 290938 443
855169 279940 525
111695 868 354
884476 139 525
921430 87 525
57 212 125
387084 136 443
129 80 122
475223 660014 509
3 147505 375
18 652188 509
172856 954120 525
747539 197 509
571946 411 470
741450 722378 424
189957 314 383
82 50194 324
271 618 144
736790 145904 509
242 150 128
290614 103 443
961 70 179
830031 610812 509
226 640065 509
249 127 128
556338 480412 470
347 72 144
257871 135 443
