484232 653529 509
50900 830257 509
420741 721022 509
220767 518235 470
62996 563428 470
478846 866446 525
105364 472551 449
407061 620658 470
428432 912276 525
483963 595409 470
22591 988337 525
238229 242173 368
413658 622672 470
353948 385035 423
86231 217885 386
186409 222696 386
422299 938465 525
310166 324547 384
43544 108503 354
345836 830602 509
34685 560661 470
221855 671837 509
344347 348011 441
187245 868750 525
25593 914200 525
248940 536881 470
23317 831075 509
415294 563261 470
436796 527840 470
443622 659411 509
138955 987356 525
117026 541962 470
68291 657922 509
75432 298893 443
142679 327777 443
60985 692298 509
353627 817063 509
13717 389377 443
27579 362101 443
33743 554328 470
280808 648949 509
258257 814284 509
257363 395486 441
253635 521174 470
199773 222664 386
29678 843015 525
305027 387100 441
331492 924423 525
212680 707851 509
233890 942617 525
350652 954497 525
77170 873120 525
358850 690428 509
84816 128628 354
393314 486512 449
407662 925012 525
365248 598270 470
479525 870338 525
276714 743345 509
215773 271901 443
286115 896563 525
275144 603518 470
32643 383796 443
489230 741940 509
3918 571667 470
383208 460450 449
190085 353493 443
144482 664770 509
468007 535717 470
70487 772897 509
277995 765454 509
372293 797436 509
83796 769056 509
124594 271232 443
434234 614642 470
145880 890565 525
126467 958811 525
243993 682682 509
351354 639277 509
395792 936989 525
276621 606975 470
52036 679524 509
259267 739208 509
43415 626729 509
351737 757115 509
248646 709876 509
14848 255280 443
70266 587823 470
495370 963182 525
241685 646391 509
442942 813064 509
246635 414760 449
12869 829049 509
261687 980381 525
406447 581468 470
171461 241683 443
124829 770563 509
479097 794418 509
442500 976184 525
183149 797826 509
489703 498939 426
147815 647099 509
474835 696740 509
141249 754454 509
334292 367757 441
334305 416926 449
223033 822542 509
320505 407434 441
302532 649073 509
357869 680318 509
84715 311371 443
340185 450186 449
75437 128582 354
155166 492326 449
472602 707148 509
247344 501964 449
40315 635047 509
342070 536638 470
43682 417856 449
327293 757262 509
433364 953890 525
276083 843369 525
462793 760991 509
447229 769700 509
303839 906638 525
235736 317464 407
360413 862852 525
119107 254857 443
98002 262927 443
454634 709937 509
441185 706302 509
199592 389090 443
96258 479725 449
29523 567935 470
372295 633232 509
288748 620589 470
465186 467366 369
109017 225682 386
120323 341958 443
294268 933763 525
109561 247373 443
445098 926455 525
217241 576940 470
444581 463317 444
360631 802040 509
473588 554546 470
437516 612405 470
314293 541675 470
37153 654256 509
132360 905235 525
2243 573286 470
80848 253850 443
16266 464290 449
231978 664601 509
59687 577851 470
132752 178061 383
381258 759021 509
50444 66851 340
397671 776579 509
143701 777501 509
260787 641569 509
299812 381078 441
12843 187708 383
471765 865977 525
21622 562542 470
366651 837827 525
381322 524358 470
407541 441054 449
138858 256857 443
292531 785728 509
240039 622872 470
467760 645168 509
184487 896999 525
196554 319438 443
187225 944839 525
250053 468899 449
127787 395884 443
342498 850671 525
31916 711893 509
299883 846518 525
135067 210103 383
461447 594368 470
83730 343593 443
232454 365026 441
445519 611661 470
38557 65823 340
314855 786474 509
245860 557080 470
196100 403421 443
5148 254698 443
203095 860809 525
376723 413094 449
293055 952452 525
362751 860939 525
406275 937867 525
499932 960261 525
494223 747898 509
82290 136784 354
5480 901823 525
119042 983646 525
331519 398207 441
161971 291069 443
162728 451165 449
487697 496528 426
458481 853535 525
210038 795615 509
109958 803662 509
227799 663956 509
16651 673663 509
428535 501201 444
55637 716379 509
359405 389506 436
85218 394878 443
410894 604137 470
102008 969416 525
331721 503161 449
24768 897660 525
148898 486639 449
161574 173669 352
139588 315917 443
163538 861238 525
466064 564048 470
112456 140153 349
53025 804910 509
132354 902498 525
429724 520182 470
75874 455570 449
346549 963577 525
44981 736586 509
321587 350424 441
492813 945193 525
306131 657549 509
187914 394535 443
192422 281099 443
199351 517897 470
61359 80486 351
295947 769177 509
285051 504541 449
301799 583871 470
324264 582876 470
49673 480983 449
249698 696438 509
177748 703505 509
392285 952856 525
377049 739743 509
146970 804034 509
314856 891095 525
