539287 242737 470
383477 32687 443
345693 141072 443
193603 287046 443
991674 457197 525
807038 685900 504
1423 513046 470
96135 374492 443
995759 4865 525
99212 719059 509
420048 955903 525
125154 82870 354
584028 703561 509
43065 99434 351
222611 238018 443
173118 955285 525
587881 795374 509
340642 132241 443
990763 692498 525
420946 41919 449
790148 879209 525
661375 204127 509
939317 784866 525
878758 633656 525
613560 250498 470
72448 663839 509
597864 445172 470
223815 577101 470
978764 208817 525
403550 765114 509
218213 397841 443
783655 62382 509
828981 734272 468
83582 986249 525
55515 641752 509
95688 343603 443
668651 895760 525
185693 608970 470
776848 783578 437
18744 799819 509
228635 753545 509
469266 128895 449
320901 682424 509
438555 661595 509
959697 899876 507
952598 143990 525
87719 982493 525
262123 601535 470
317951 391087 441
709414 766432 424
393312 798611 509
286316 326220 389
699991 278029 509
378226 371460 423
928061 518280 525
800824 686699 504
354518 549482 470
361321 68958 443
454678 156084 449
917857 824092 525
690366 908971 525
111302 610916 470
71558 644455 509
731332 230312 509
560336 630127 509
403755 614533 470
528490 727033 509
989853 297687 525
714138 31215 509
942432 863436 507
299539 274895 389
995705 360945 525
339388 574589 470
173556 543891 470
74667 480547 449
506229 64168 449
650882 738820 504
242633 589274 470
55723 632061 509
855763 19921 525
932039 800523 525
821977 173548 509
75651 366631 443
41199 552870 470
720979 629799 504
77379 765828 509
33723 465045 449
891705 127401 525
237550 290040 407
278835 981292 525
243817 951579 525
877672 794829 525
895756 721345 525
551321 200335 470
239523 909333 525
188422 508434 449
593476 110684 470
93846 472969 449
636297 123036 509
220504 998231 525
995314 698064 525
571587 977952 525
336386 58573 443
661643 444383 509
648317 708975 504
39281 589859 470
578140 706043 509
159878 923113 525
68262 545104 470
128050 840753 525
776124 697154 504
315310 521866 470
151027 306046 443
527427 427068 470
216616 293290 443
33049 42700 324
73086 977366 525
50176 716612 509
908162 508380 525
213671 882009 525
594684 48136 470
648457 636791 416
345165 676165 509
3765 805316 509
905330 759863 525
798105 154043 509
735018 470039 509
24687 68344 340
224393 42213 386
59115 681230 509
790392 422067 509
641655 166144 509
327782 921497 525
298248 716406 509
405877 30790 443
818220 989593 525
541322 471191 470
258466 201948 443
718105 590683 509
362071 74387 443
882154 739050 525
561155 258671 470
887848 373533 525
978432 205447 525
441334 843393 525
954633 46652 525
575005 337064 470
335195 415865 449
593753 697947 509
484247 398628 449
234849 818334 509
721758 620000 509
787604 956512 525
600196 498598 470
331958 470141 449
396866 391931 405
895124 470565 525
787456 117424 509
11015 799866 509
696847 306877 509
891601 844344 445
66928 119826 354
741527 994625 525
345377 489564 449
646943 98871 509
502680 726346 509
103544 425427 449
634673 609109 509
40954 115118 354
312975 553215 470
82081 162493 383
135470 810039 509
663133 711883 504
474767 138696 449
567883 442069 470
789915 811268 468
415287 577243 470
445853 721912 509
43840 715441 509
190336 93047 383
511565 114117 449
896611 432018 525
739675 473831 509
47772 473081 449
844032 478785 525
896198 481216 525
471254 336284 449
211189 414188 449
148114 838353 525
201026 72935 383
160631 153717 383
344609 407879 441
978074 554572 525
939929 575204 525
319857 316587 353
43672 739827 509
629672 311673 509
640661 881850 525
931562 824630 525
592003 704732 509
658724 551865 509
218751 59331 386
2288 97897 351
542214 875896 525
682829 748958 504
898991 260393 525
407574 662316 509
507799 634947 509
43247 758505 509
379271 727819 509
550876 650207 509
461344 108785 449
531339 640033 509
774328 573975 509
830735 377804 509
891675 403873 525
974067 108858 525
123966 773470 509
866063 185599 525
482625 308695 449
339608 633147 509
407097 208577 443
711620 261143 509
780569 837589 468
775716 447617 509
20405 895785 525
628364 575245 509
829152 165587 509
659572 317574 509
981376 919081 507
407798 584214 470
913802 282415 525
539307 987469 525
18954 699630 509
718556 728799 411
956628 20962 525
981565 844115 507
514294 126889 470
848097 303867 525
966681 848507 507
664427 536958 509
677152 804201 504
162916 528674 470
119068 539398 470
805728 839308 525
184198 745502 509
925857 678677 525
762129 824589 468
596087 278223 470
960083 411025 525
22163 695363 509
911109 70823 525
207553 483523 449
975059 61068 525
528579 232566 470
88664 897084 525
733459 120018 509
30886 786459 509
774171 87611 509
73202 55241 335
557324 592470 434
704477 942426 525
869820 613743 525
228442 420688 449
892798 382487 525
340357 898533 525
232963 336273 407
250160 164986 443
249286 683775 509
599664 939389 525
344323 329857 366
187791 899213 525
327373 946682 525
737601 414341 509
394747 690032 509
304894 975106 525
700192 153846 509
533237 799216 509
956488 498219 525
93258 652766 509
935154 78248 525
283557 982225 525
683266 739077 504
667207 327290 509
628767 853338 525
415777 490890 444
856329 104626 525
617381 789004 509
394726 938351 525
536887 731606 509
477651 41660 449
313445 987964 525
696974 610854 509
866242 361424 525
254411 818996 509
28482 844980 525
773345 447430 509
81269 400071 443
549158 151746 470
449456 118589 449
