904815 837443 525
436975 716286 509
32573 954397 525
586021 28433 470
975057 918555 507
833531 65849 509
545084 183481 470
727997 268817 509
393845 923795 525
507141 922595 525
225225 29273 386
880787 554937 525
319714 292312 384
244363 372235 441
905718 112800 525
329399 565461 470
567291 216682 470
398736 131247 443
823443 900367 525
670455 630258 442
466472 323222 449
958866 895595 507
538371 333734 470
615844 752968 509
611807 434613 470
343851 355197 441
473827 742061 509
797957 856143 525
441707 713892 509
96581 392841 443
132739 755512 509
276369 591334 470
58444 825162 509
722600 224381 509
627001 587085 509
3572 774615 509
289343 606207 470
273031 923157 525
229870 195406 386
540060 960560 525
274819 27567 443
121647 419831 449
617885 587998 447
266794 565325 470
929382 370748 525
622975 749702 509
735573 320246 509
571621 820543 509
293291 747561 509
343083 684500 509
469967 601438 470
926152 287603 525
242996 720873 509
420361 444174 418
359034 649615 509
371711 626056 470
817487 437879 509
8946 548445 470
635433 450576 509
357172 887569 525
956769 702510 525
763864 85006 509
876303 613673 525
851877 664422 525
440135 868922 525
715310 755024 424
268256 774979 509
514750 85279 470
198981 826511 509
262422 85266 443
712171 664000 504
788358 754351 468
310261 53495 443
956884 845272 507
387550 689132 509
844794 519730 525
440491 245572 449
892423 587681 525
279364 870039 525
523927 814674 509
869027 151446 525
939799 855553 507
673349 248760 509
208197 497780 449
632759 955871 525
110832 47852 354
975128 124747 525
644839 705112 504
669875 699480 442
176273 177156 303
693107 39211 509
321553 545184 470
528853 197866 470
575025 246131 470
680878 285659 509
388755 61234 443
36762 333154 443
359266 279404 441
597786 788906 509
265633 93361 443
311536 641727 509
123885 385930 443
542675 644720 509
184858 512499 470
304720 319822 384
73855 963996 525
783223 329195 509
189612 58093 383
680387 264059 509
23105 479523 449
989362 650724 525
387572 575318 470
668292 99355 509
919748 573570 525
984210 137294 525
41766 762511 509
277833 996259 525
772767 74557 509
511725 220171 449
573599 220665 470
458750 618776 470
935254 458898 525
473338 32787 449
985344 961815 458
831567 32169 509
882832 465992 525
622129 658751 509
364401 36793 443
633542 650897 416
263783 436623 449
10718 727807 509
690432 379393 509
840987 151713 525
327369 861234 525
963099 269748 525
921621 956530 507
540814 988085 525
819413 763487 468
44834 683645 509
93112 356681 443
79692 720398 509
452979 411128 418
587269 320316 470
531079 260652 470
871309 516463 525
337491 428153 449
658613 246503 509
627359 626594 310
956039 519567 525
143759 793264 509
93306 70801 351
270811 944425 525
775925 33358 509
658051 602385 509
509188 881466 525
173372 952453 525
300949 48148 443
780184 930971 525
235551 315862 407
554691 989072 525
941351 644955 525
52007 257536 443
627743 523704 509
985270 532750 525
525563 951375 525
326911 668335 509
255220 736785 509
80893 213915 383
592342 634883 509
165391 664044 509
607390 393230 470
647298 355776 509
295889 128815 443
729430 226181 509
773505 478871 509
39759 24581 324
182040 348607 443
70044 542965 470
890992 949717 507
439766 166749 449
17527 980830 525
717519 684670 504
410380 36866 449
282192 827055 509
567558 170709 470
924686 275282 525
266525 637318 509
872464 498169 525
746228 945766 525
630866 611508 509
661128 443363 509
636948 151271 509
456581 814959 509
821288 498170 509
967282 784644 525
642491 192776 509
332031 8137 443
222433 965384 525
614603 109011 470
955207 414112 525
844680 839502 388
408333 416404 449
331351 239314 407
293943 459723 449
679474 778341 504
65375 613191 470
271706 394883 441
490428 704632 509
459375 566355 470
579386 815410 509
65874 537369 470
975860 170942 525
997600 180405 525
125951 835207 509
656360 332861 509
319720 792923 509
745845 248799 509
348540 258915 441
772897 860130 525
953830 472373 525
431984 625699 470
897150 420471 525
6669 501993 449
991376 469205 525
881331 489106 525
679706 168953 509
977243 10529 525
124559 497862 449
215108 472449 449
5078 152338 375
179905 475668 449
346878 651041 509
371911 755215 509
606548 367474 470
662162 832926 504
207562 555302 470
878743 277083 525
599280 99876 470
868660 938111 476
622558 280286 470
132031 90814 354
628678 582878 509
164446 360011 443
872882 148642 525
17081 579362 470
672761 345497 509
307006 10500 443
893668 668526 525
409119 133882 443
266428 364714 441
980223 806801 525
575348 381178 470
244037 772216 509
181778 993577 525
180958 212140 373
970769 331259 525
939907 803544 525
821779 760443 468
440376 674342 509
620991 847138 525
733721 939990 525
696212 593168 509
558162 572025 421
129154 940123 525
481464 442885 444
363277 272496 441
134952 935056 525
571554 672808 509
917150 752404 525
991047 176718 525
384020 219402 443
218445 651785 509
896416 645053 525
111820 702507 509
5463 633857 509
762428 318159 509
986315 924998 507
750229 843360 525
384809 999269 525
204394 691251 509
720698 270903 509
779252 237837 509
36572 656815 509
524548 223360 470
203605 465964 449
716448 409227 509
592365 423488 470
67594 955543 525
624962 121592 470
228350 855189 525
493017 686520 509
186946 610337 470
298551 211839 443
583511 355201 470
895565 678767 525
707550 515863 509
548583 127242 470
815269 879606 525
75761 802080 509
106909 100474 354
