54 76 116
1700 7600 262
43000 81000 351
68000 89000 351
350 550 142
700 4700 238
170 640 144
310 910 179
700 4900 238
160 210 125
78000 84000 338
190 820 171
18000 56000 340
21000 21000 31
3900 7200 262
2200 7900 262
79000 97000 333
31 100 119
2000 76000 340
30 270 128
120 230 125
18000 52000 324
480 530 142
560 840 171
5600 6800 262
51000 89000 351
400 6700 262
1500 5900 238
700 780 171
320000 890000 525
34000 76000 340
800 3300 217
16000 44000 324
10000 310000 443
21000 69000 340
31000 88000 351
20000 48000 324
6700 8800 257
370 410 121
2700 4000 238
430000 730000 509
380000 890000 525
490 850 171
4300 5500 215
67000 100000 351
20000 30000 308
25000 71000 340
5200 9300 262
400 460 134
45 74 116
69 91 116
60000 75000 335
220 320 131
44000 68000 340
87000 90000 333
21000 84000 351
150 580 144
820 920 179
63 67 108
1600 8800 262
540 930 179
160 230 125
1000 17000 276
840 990 179
490000 750000 509
6400 9700 260
3 5 8
91 98 119
40000 50000 314
190 210 120
5200 8400 262
50 90 116
63000 84000 351
48000 58000 340
11 45 112
53000 60000 322
1500 6000 238
80 280 128
3400 5600 238
11000 87000 351
45000 94000 351
5300 6800 262
38 40 35
20000 900000 525
320 550 144
38000 82000 351
35000 96000 351
20000 78000 351
270000 380000 441
460 560 142
4400 8600 262
70000 350000 443
12000 81000 351
11000 91000 351
41000 69000 340
5900 9100 262
100000 160000 383
34000 46000 324
16000 46000 324
21000 43000 324
57 83 116
120 560 144
15000 35000 311
700 7500 262
170 850 171
5200 8200 262
31000 93000 351
49000 88000 351
32000 51000 324
520000 910000 525
34000 75000 340
500 960 179
1400 9100 262
4900 5700 236
280 850 171
730 950 179
350 640 142
38000 42000 306
300 700 145
27 36 112
19 87 116
7 8 17
22000 56000 340
430000 950000 525
50000 960000 525
50000 69000 340
140000 980000 525
90 930 179
450000 500000 444
970 1000 143
40000 66000 340
51000 74000 340
62000 66000 330
40000 79000 351
1000 82000 351
46 64 113
8900 9600 260
11000 62000 340
370 880 179
43000 99000 351
10 530 144
80000 270000 443
650000 870000 525
260 280 123
70 610 144
70000 85000 351
10000 33000 308
18 23 21
4000 18000 279
6100 10000 262
15000 28000 308
8 30 112
40 460 144
110 660 145
500000 910000 525
24000 69000 340
3200 9500 262
50000 300000 443
8700 8900 216
130 990 179
240000 500000 449
59000 94000 351
53000 58000 322
320 990 179
320000 890000 525
62000 82000 351
280000 890000 525
920000 960000 507
410 570 142
38000 75000 340
20000 340000 443
32000 83000 351
2700 7700 262
70000 300000 443
3400 6000 238
59000 88000 351
10000 53000 340
8000 50000 324
4 4 3
780000 900000 525
100 500 144
180 690 145
450 580 142
430000 870000 525
16000 54000 340
69000 70000 299
10000 51000 324
63000 68000 330
660 820 171
220 670 145
540 670 145
40000 52000 314
35000 93000 351
61 87 116
900 900 55
1000 87000 351
800 910 179
54000 84000 351
9 92 116
12 94 116
2400 3800 238
170 900 179
49 83 116
29000 93000 351
12000 14000 276
8 13 20
430 510 142
70 890 179
34000 79000 351
83 89 111
3200 4900 238
7000 98000 351
2700 7600 262
6600 9100 257
32000 49000 324
59000 85000 351
31000 60000 340
4000 7900 262
210 620 144
19000 95000 351
36000 85000 351
240 300 123
590 890 179
2200 6900 262
2400 3500 217
6000 84000 351
420000 460000 418
54000 77000 335
340 1000 179
15 66 113
1400 7500 262
520000 990000 525
3400 6600 262
9 55 113
50 90 116
4 85 116
420 720 171
410000 760000 509
430000 750000 509
1800 9000 262
7 22 21
440 850 171
40000 760000 509
700 810 171
21000 54000 340
2400 5900 238
180 240 128
54000 64000 335
37 62 113
1000 90000 351
11000 47000 324
61 85 116
420 680 145
19000 51000 324
4600 6100 236
290 800 171
1700 7000 262
2100 7100 262
500 4100 238
16 60 113
4100 7100 262
400 690 145
16000 26000 282
11000 41000 324
35000 62000 340
180 590 144
4600 7600 262
20000 110000 354
3 57 113
810000 920000 525
79 88 111
160000 350000 443
5700 7200 262
64000 77000 325
610 690 145
1200 4200 238
37000 60000 340
73000 98000 351
53000 89000 351
1700 9000 262
7 11 20
300 6400 262
3500 6100 238
2300 6000 238
2600 5500 238
28000 54000 340
720 910 179
5000 39000 324
370 690 145
100 880 179
5100 9100 262
77000 79000 351
130 500 144
770 900 179
5300 7900 262
16000 54000 340
1300 7200 262
73000 77000 325
1 999999 525
10 10 7
