16 98 119
70 67 28
74 24 116
40 21 112
70 49 113
56 62 108
98 8 119
56 32 113
64 21 113
90 51 116
6 79 116
51 73 116
86 22 116
27 40 112
21 82 116
46 4 112
67 6 113
100 1 119
18 28 112
28 77 116
27 54 113
9 67 113
12 5 20
82 97 119
37 73 116
37 91 116
20 52 112
63 44 113
95 29 116
88 22 116
58 29 113
71 13 113
86 34 116
80 50 116
79 56 116
53 23 112
33 23 112
100 27 119
76 87 111
76 1 116
45 59 113
79 78 36
19 5 21
21 10 21
88 22 116
2 41 112
58 54 113
30 6 112
84 98 119
49 36 110
625 952 179
127 45 119
270 638 144
434 800 171
836 911 179
482 890 179
101 624 144
397 636 142
425 748 171
186 595 144
390 515 142
338 358 126
246 688 145
420 398 134
477 191 144
629 93 144
483 732 171
792 201 171
839 654 171
905 830 179
602 496 137
115 545 144
123 401 144
649 486 145
676 149 145
314 964 179
855 608 171
965 876 174
765 707 153
900 771 179
146 743 171
421 25 144
486 911 179
308 876 179
656 969 179
512 372 142
264 241 123
691 503 145
26 936 179
664 180 145
173 601 144
756 924 179
42 70 113
673 214 145
129 882 179
83 100 119
472 145 144
622 222 144
636 753 171
170 967 179
635 1000 179
531 555 137
889 714 179
758 595 171
460 579 142
301 191 128
571 763 171
319 720 171
218 349 144
916 972 174
71 514 144
257 363 144
793 666 171
73 783 171
513 514 124
851 655 171
212 130 125
907 773 179
859 109 171
426 544 142
979 589 179
955 386 179
629 914 179
489 79 144
214 373 144
752 159 171
844 652 171
877 329 179
729 679 171
45 765 171
21 669 145
89 664 145
8 292 128
536 954 179
999 143 179
584 902 179
181 959 179
249 569 144
720 395 171
958 229 179
7 507 144
268 136 128
551 707 171
108 101 114
485 802 171
543 192 144
260 277 123
939 161 179
13 494 144
26 414 144
605931 888073 525
624631 500756 470
408120 324790 441
943660 391960 525
116132 758175 509
449309 840209 525
139507 607904 470
774221 413930 509
769785 346645 509
861789 578698 525
904889 889300 401
602908 690475 509
928339 561232 525
906392 183490 525
153632 838141 525
36962 540690 470
439634 91940 449
508636 499967 426
410359 472568 444
499189 296907 449
336708 506447 449
555241 648718 509
43963 837962 525
422698 56918 449
789384 278173 509
838725 686571 525
463647 266374 449
709854 156856 509
277853 945811 525
877207 129706 525
743686 631154 504
124826 708985 509
251318 51862 443
104350 667576 509
955483 403633 525
263938 364038 441
941407 486155 525
787042 765830 468
601811 921043 525
675710 885433 525
330349 707346 509
378937 10589 443
121173 909232 525
7180 207031 383
833972 577971 509
237748 411615 449
242364 360952 441
404794 552362 470
794967 154662 509
204558 848129 525
306771 285472 389
878313 629892 525
83636 789220 509
145433 327045 443
409259 706855 509
892154 656271 525
311030 694776 509
8417 845251 525
611278 318000 470
534214 295964 470
337145 634166 509
993123 2268 525
773973 594464 509
716921 358343 509
41921 920060 525
27569 548342 470
706362 912082 525
651122 537020 509
2247 481959 449
278944 630930 509
35313 770137 509
333957 383815 441
895385 322210 525
828437 872900 525
512756 525356 439
268396 237415 407
983102 570829 525
795442 936134 525
462912 713691 509
560699 843163 525
636301 856880 525
551356 704614 509
181455 81106 383
362147 203717 443
635425 974105 525
112657 787182 509
209379 346616 443
207161 221655 386
462845 245932 449
723191 865288 525
622100 892443 525
861943 701050 525
96608 198106 383
648125 244335 509
108101 629079 509
678528 371182 509
940071 226649 525
260168 359147 441
371100 985468 525
925204 464036 525
1 1 1
999999 999999 259
