687848 63945 509
15954 307763 443
619644 118363 470
859659 844925 419
234772 513662 470
688873 961780 525
854041 109227 525
79801 206493 383
181822 327818 443
721783 162485 509
926255 204547 525
32530 185150 383
929098 237213 525
763721 724170 424
5249 725007 509
623339 74243 470
980458 564434 525
424268 524237 470
766672 883243 525
249959 131803 443
30170 331642 443
946572 41197 525
44424 603302 470
343420 839335 525
436394 748178 509
659721 148439 509
924497 957597 507
972494 61291 525
951787 294463 525
29802 360703 443
852788 748585 525
423058 559559 470
966391 887974 507
582125 309972 470
900816 875187 445
981389 844886 507
859430 224740 525
770112 746954 468
127450 731865 509
890717 590168 525
868094 843158 419
763502 218351 509
615084 186467 470
581004 708808 509
300696 287924 389
14219 702935 509
182196 795385 509
448888 801911 509
281802 552290 470
869599 786026 525
342326 284968 389
446465 873039 525
327522 455828 449
90632 47154 351
421639 934027 525
704245 838164 525
30650 675146 509
993343 237997 525
562987 617044 447
121560 862726 525
298359 659820 509
152121 218423 386
236911 8268 443
850082 465036 525
155580 10581 375
406350 749560 509
591149 487977 470
768841 432624 509
955046 354742 525
763898 252497 509
121756 555156 470
241532 328656 407
829452 114311 509
353777 913971 525
42674 228934 386
324439 233439 407
628572 35026 509
39814 810211 509
393810 773816 509
203687 855125 525
900642 129051 525
992639 474821 525
102996 312986 443
870316 881202 432
556751 768540 509
440030 29128 449
131692 561640 470
834808 697459 504
291779 320725 384
502481 82791 449
627901 237402 509
586826 132621 470
870267 578460 525
32568 832107 509
825703 403173 509
310968 431764 449
50618 977709 525
352044 169039 443
263017 526445 470
962283 113163 525
87233 254992 443
869964 902672 445
930303 770085 525
165535 420426 449
1143 840500 525
984105 45997 525
693448 296995 509
84006 428765 449
462229 584985 470
681056 999429 525
202013 424923 449
708496 331544 509
98975 233516 443
808965 104147 509
400931 274445 441
373686 792024 509
219430 966469 525
381827 476279 449
843006 29803 525
400381 13662 443
408032 939310 525
273907 746835 509
784433 36828 509
204135 470235 449
680182 536619 509
176968 335040 443
652257 47700 509
89417 860157 525
411510 136576 449
832922 302171 509
296544 414397 449
645116 780484 504
541861 803471 509
213136 565458 470
927766 474048 525
733411 644799 504
36848 379567 443
696314 150478 509
244419 900879 525
981877 150511 525
356927 699838 509
551663 450615 470
373159 942036 525
496813 508255 426
91503 808890 509
396403 526841 470
68666 890933 525
910571 811596 525
547473 957244 525
360913 181149 443
374130 674123 509
426850 790582 509
808318 961927 525
773247 52572 509
885383 965574 507
393341 987464 525
319960 837613 509
895833 99485 525
612599 116682 470
606078 481341 470
715795 664846 504
68843 478361 449
595745 230426 470
241423 121785 443
352330 637463 509
661136 767921 504
322462 730244 509
741589 169915 509
37445 75279 340
918056 420560 525
818912 888744 525
61415 912038 525
763011 112994 509
52400 803978 509
173583 437784 449
4103 110755 354
343824 55741 443
84612 269738 443
156751 240104 443
357418 864433 525
9676 544933 470
758806 1869 509
49749 920818 525
671452 736119 504
299097 33851 443
135031 367910 443
485194 358383 449
346763 908126 525
786468 304133 509
567996 737631 509
225480 373430 443
945276 425461 525
109193 353149 443
729415 913288 525
383541 18416 443
240349 260051 368
92444 491259 449
351891 990426 525
6740 758976 509
409614 237192 441
97031 960093 525
603656 619576 447
866470 660601 525
843859 772987 525
617472 453386 470
990239 217394 525
302865 397923 441
136988 859852 525
737029 750521 424
608120 180671 470
180730 656548 509
370651 199009 443
568705 755048 509
915880 640406 525
509856 28535 449
958409 598009 525
954193 130507 525
99334 700238 509
282489 124276 443
717596 463259 509
358544 307197 441
831863 417947 509
612708 734241 509
951543 813645 525
187598 884113 525
528802 940496 525
94240 759121 509
876244 394942 525
708103 358439 509
804658 134989 509
949848 655373 525
202484 776340 509
44098 205840 383
778872 221414 509
690824 465973 509
276321 60567 443
41333 451849 449
268495 994744 525
529526 673650 509
211665 206376 373
153911 519331 470
964317 893768 507
431786 27593 449
70697 100128 351
462074 506968 426
23344 917763 525
789114 72421 509
711372 794756 468
41799 366398 443
504296 215109 449
834797 231553 509
917734 157935 525
827934 865438 525
749399 179357 509
95634 169115 383
767134 466402 509
395302 324185 441
432185 405523 449
109095 421415 449
470697 774455 509
239015 304279 407
952887 84775 525
379141 967009 525
927919 426395 525
914477 868632 476
323000 627287 509
55581 630264 509
797952 488840 509
419081 476656 444
556073 378598 470
650903 843529 525
530218 203682 470
234157 836808 509
992878 525662 525
717678 466867 509
881898 185486 525
903984 169972 525
396040 956940 525
468173 495812 426
130858 237471 443
865698 316006 525
553128 604605 434
97641 4585 351
27953 891687 525
622634 298741 470
24717 574929 470
481137 2644 449
666822 381379 509
782501 945066 525
103433 526418 470
895372 856606 445
790799 236545 509
268113 863896 525
680107 59674 509
161356 12214 383
121388 395463 443
962503 158982 525
556185 569276 421
224157 985491 525
229597 546160 470
