952171 641786 525
395068 785163 509
469653 608220 470
677036 618741 509
966087 481160 525
300881 764593 509
113758 271384 443
860832 438301 525
703878 526624 509
639719 755116 504
548201 620926 447
482420 936454 525
427198 357280 449
225209 786195 509
891350 802452 525
552317 659727 509
795627 229865 509
145066 953404 525
636655 961035 525
658483 678322 442
874535 165034 525
284017 536507 470
587446 788475 509
346734 245162 441
211501 431342 449
105028 725094 509
439903 846211 525
537711 868834 525
683805 168126 509
514356 583609 452
812503 878419 525
307364 152047 443
145789 120215 375
716947 521089 509
888591 443787 525
319797 796657 509
453822 159518 449
386916 890581 525
66659 660061 509
4076 600658 470
633978 745817 504
88644 356701 443
138737 287289 443
925191 713677 525
617527 824899 509
110051 438788 449
673859 904103 525
538646 647929 509
73066 218413 386
147889 888180 525
833958 872536 525
130543 575455 470
314227 470039 449
572332 570197 377
4309 516688 470
811316 2525 509
40990 682800 509
587601 197627 470
713592 105833 509
345068 387704 441
707279 507065 509
144795 311596 443
72305 31373 340
894246 952985 507
564551 98022 470
123158 531738 470
878506 382219 525
596515 971580 525
418078 867176 525
740996 300121 509
460141 791979 509
769138 430560 509
208344 307887 443
728254 325909 509
709654 918326 525
577567 497338 470
139489 717108 509
3011 513871 470
161872 12795 383
874384 873761 326
263539 352334 441
643444 29059 509
101777 733780 509
379591 14691 443
435929 562518 470
83438 155247 375
349407 356179 379
816549 376325 509
71688 225180 386
88739 291963 443
213207 785326 509
159175 430108 449
705086 48337 509
41674 969731 525
748118 94684 509
963486 969829 383
80162 821983 509
625624 810201 509
773353 872648 525
513482 31801 470
782585 362339 509
375682 731456 509
355262 393943 436
40637 218649 386
240056 287680 407
836380 248881 509
631794 756895 504
668162 221589 509
969951 632630 525
896050 376497 525
449046 943998 525
259883 679931 509
876217 170949 525
232068 822078 509
651392 778182 504
322832 746685 509
356617 604741 470
815414 866471 525
992121 980047 427
25058 972189 525
986678 880090 507
958383 339232 525
371220 677133 509
69766 60074 335
217931 358494 443
838759 908426 445
275133 696370 509
419456 356696 449
975191 977738 383
70626 908866 525
47218 999488 525
88526 717987 509
931035 227237 525
814692 864751 525
839161 683111 525
833823 691247 504
497530 438818 444
267330 683137 509
422409 203511 449
239107 378384 441
354865 749753 509
802875 826571 450
414914 914555 525
771798 809704 468
69709 395393 443
343545 425816 449
138642 656868 509
583865 140720 470
239317 496565 449
274690 770023 509
677060 967511 525
791521 551178 509
131640 49188 354
757943 801334 468
644220 458577 509
847067 39403 525
625235 501890 470
424749 791859 509
874711 264729 525
368665 212605 443
429606 588128 470
578547 942707 525
540990 467765 470
477766 513395 470
886435 274588 525
434590 325612 449
45364 118199 354
877583 690700 525
785891 41105 509
637116 673393 442
663045 951223 525
452086 349709 449
350977 342471 441
76957 178857 383
229892 648266 509
380625 646407 509
87152 491630 449
475490 467608 413
276181 263709 407
400422 492874 449
938368 248649 525
716175 404962 509
6964 352600 443
855626 713879 525
251032 383746 441
673149 713113 504
348783 227234 443
578507 579944 359
550783 713619 509
552889 58105 470
687493 426906 509
403921 369067 436
549924 637762 509
157418 139485 383
894316 217553 525
285730 552068 470
891964 570250 525
806767 352853 509
306843 344881 384
453314 597413 470
800140 703720 504
145328 904328 525
365921 743732 509
402547 35436 443
972706 340363 525
56906 223136 386
582844 390456 470
650178 875583 525
209541 397632 443
1 999999 525
